<?xml version="1.0" encoding="UTF-8"?>
<testsuite name="itrs_appserver.InterfaceControllerTest" tests="7" skipped="0" failures="0" errors="0" timestamp="2016-03-15T15:04:00" hostname="ITRSLP043" time="37.672">
  <properties/>
  <testcase name="getRowTest" classname="itrs_appserver.InterfaceControllerTest" time="1.677"/>
  <testcase name="loginTest" classname="itrs_appserver.InterfaceControllerTest" time="0.013"/>
  <testcase name="updateDVTest" classname="itrs_appserver.InterfaceControllerTest" time="17.778"/>
  <testcase name="logoutTest" classname="itrs_appserver.InterfaceControllerTest" time="0.052"/>
  <testcase name="verifyDeviceTest" classname="itrs_appserver.InterfaceControllerTest" time="0.018"/>
  <testcase name="viewSystemKeysTest" classname="itrs_appserver.InterfaceControllerTest" time="0.0"/>
  <testcase name="getAllDataviewsTest" classname="itrs_appserver.InterfaceControllerTest" time="18.132"/>
  <system-out><![CDATA[15:04:01.403 [OpenAccessApiClient-UnknownDevBuild-akka.actor.default-dispatcher-2] INFO  akka.event.slf4j.Slf4jLogger - Slf4jLogger started
15:04:01.659 [OpenAccessApiClient-UnknownDevBuild-akka.actor.default-dispatcher-2] INFO  Remoting - Starting remoting
15:04:01.806 [OpenAccessApiClient-UnknownDevBuild-akka.actor.default-dispatcher-4] INFO  Remoting - Remoting started; listening on addresses :[akka.tcp://OpenAccessApiClient-UnknownDevBuild@192.168.10.128:12667]
/geneos/gateway[(@name="GW_TEST_50144")]/directory/probe[(@name="SYSMON")]/managedEntity[(@name="CPU_Entity")]/sampler[(@name="CPU_sampler")][(@type="")]/dataview[(@name="CPU_sampler")]/rows/row[(@name="cpu_0")]/cell[wild(@column,"*")]
15:04:01.849 [OpenAccessApiClient-UnknownDevBuild-akka.actor.default-dispatcher-3] INFO  c.itrsgroup.actor.MessageDispatcher - Attempting to connect to remote service at [192.168.220.54:2551] 1 time(s)
15:04:02.014 [OpenAccessApiClient-UnknownDevBuild-akka.actor.default-dispatcher-4] INFO  akka.contrib.pattern.ClusterClient - Connected to [akka.tcp://ClusterSystem@192.168.220.54:2551/user/receptionist]
15:04:02.043 [OpenAccessApiClient-UnknownDevBuild-akka.actor.default-dispatcher-12] INFO  c.itrsgroup.actor.MessageDispatcher - Authenticating with remote service [/user/frontEnd] at [192.168.220.54:2551]
15:04:02.262 [OpenAccessApiClient-UnknownDevBuild-akka.actor.default-dispatcher-12] INFO  c.itrsgroup.actor.MessageDispatcher - Successfully connected to remote service [akka.tcp://ClusterSystem@192.168.220.54:2551/user/frontEnd]
15:04:02.264 [OpenAccessApiClient-UnknownDevBuild-akka.actor.default-dispatcher-12] INFO  c.itrsgroup.actor.MessageDispatcher - Forwarding Subscription op to cluster frontend: Subscribe(ModelSub(/geneos/gateway[(@name="GW_TEST_50144")]/directory/probe[(@name="SYSMON")]/managedEntity[(@name="CPU_Entity")]/sampler[(@name="CPU_sampler")][(@type="")]/dataview[(@name="CPU_sampler")]/rows/row[(@name="cpu_0")]/cell[wild(@column,"*")],Set(),LIST,),None)
{
	severity : OK
	name : cpu_0.type
	path : /geneos/gateway[(@name="GW_TEST_50144")]/directory/probe[(@name="SYSMON")]/managedEntity[(@name="CPU_Entity")]/sampler[(@name="CPU_sampler")][(@type="")]/dataview[(@name="CPU_sampler")]/rows/row[(@name="cpu_0")]/cell[(@column="type")]
	type : CELL
	value : GenuineIntel Intel(R)
}
{
	severity : OK
	name : cpu_0.state
	path : /geneos/gateway[(@name="GW_TEST_50144")]/directory/probe[(@name="SYSMON")]/managedEntity[(@name="CPU_Entity")]/sampler[(@name="CPU_sampler")][(@type="")]/dataview[(@name="CPU_sampler")]/rows/row[(@name="cpu_0")]/cell[(@column="state")]
	type : CELL
	value : on-line
}
{
	severity : CRITICAL
	name : cpu_0.clockSpeed
	path : /geneos/gateway[(@name="GW_TEST_50144")]/directory/probe[(@name="SYSMON")]/managedEntity[(@name="CPU_Entity")]/sampler[(@name="CPU_sampler")][(@type="")]/dataview[(@name="CPU_sampler")]/rows/row[(@name="cpu_0")]/cell[(@column="clockSpeed")]
	type : CELL
	value : 2294.80 Mhz
}
{
	severity : OK
	name : cpu_0.percentUtilisation
	path : /geneos/gateway[(@name="GW_TEST_50144")]/directory/probe[(@name="SYSMON")]/managedEntity[(@name="CPU_Entity")]/sampler[(@name="CPU_sampler")][(@type="")]/dataview[(@name="CPU_sampler")]/rows/row[(@name="cpu_0")]/cell[(@column="percentUtilisation")]
	type : CELL
	value : 2.60 %
}
{
	severity : OK
	name : cpu_0.percentUserTime
	path : /geneos/gateway[(@name="GW_TEST_50144")]/directory/probe[(@name="SYSMON")]/managedEntity[(@name="CPU_Entity")]/sampler[(@name="CPU_sampler")][(@type="")]/dataview[(@name="CPU_sampler")]/rows/row[(@name="cpu_0")]/cell[(@column="percentUserTime")]
	type : CELL
	value : 0.13 %
}
{
	severity : OK
	name : cpu_0.percentKernelTime
	path : /geneos/gateway[(@name="GW_TEST_50144")]/directory/probe[(@name="SYSMON")]/managedEntity[(@name="CPU_Entity")]/sampler[(@name="CPU_sampler")][(@type="")]/dataview[(@name="CPU_sampler")]/rows/row[(@name="cpu_0")]/cell[(@column="percentKernelTime")]
	type : CELL
	value : 0.13 %
}
{
	severity : OK
	name : cpu_0.percentWaitTime
	path : /geneos/gateway[(@name="GW_TEST_50144")]/directory/probe[(@name="SYSMON")]/managedEntity[(@name="CPU_Entity")]/sampler[(@name="CPU_sampler")][(@type="")]/dataview[(@name="CPU_sampler")]/rows/row[(@name="cpu_0")]/cell[(@column="percentWaitTime")]
	type : CELL
	value : 0.00 %
}
{
	severity : CRITICAL
	name : cpu_0.percentIdle
	path : /geneos/gateway[(@name="GW_TEST_50144")]/directory/probe[(@name="SYSMON")]/managedEntity[(@name="CPU_Entity")]/sampler[(@name="CPU_sampler")][(@type="")]/dataview[(@name="CPU_sampler")]/rows/row[(@name="cpu_0")]/cell[(@column="percentIdle")]
	type : CELL
	value : 99.76 %
}
{
	severity : OK
	name : cpu_0.percentIrq
	path : /geneos/gateway[(@name="GW_TEST_50144")]/directory/probe[(@name="SYSMON")]/managedEntity[(@name="CPU_Entity")]/sampler[(@name="CPU_sampler")][(@type="")]/dataview[(@name="CPU_sampler")]/rows/row[(@name="cpu_0")]/cell[(@column="percentIrq")]
	type : CELL
	value : 0.00 %
}
{
	severity : OK
	name : cpu_0.percentSoftIrq
	path : /geneos/gateway[(@name="GW_TEST_50144")]/directory/probe[(@name="SYSMON")]/managedEntity[(@name="CPU_Entity")]/sampler[(@name="CPU_sampler")][(@type="")]/dataview[(@name="CPU_sampler")]/rows/row[(@name="cpu_0")]/cell[(@column="percentSoftIrq")]
	type : CELL
	value : 0.03 %
}
15:04:02.419 [OpenAccessApiClient-UnknownDevBuild-akka.actor.default-dispatcher-14] INFO  a.r.RemoteActorRefProvider$RemotingTerminator - Shutting down remote daemon.
15:04:02.422 [OpenAccessApiClient-UnknownDevBuild-akka.actor.default-dispatcher-4] INFO  a.r.RemoteActorRefProvider$RemotingTerminator - Remote daemon shut down; proceeding with flushing remote transports.
15:04:02.451 [OpenAccessApiClient-UnknownDevBuild-akka.actor.default-dispatcher-14] INFO  a.r.RemoteActorRefProvider$RemotingTerminator - Remoting shut down.
15:04:02.489 [OpenAccessApiClient-UnknownDevBuild-akka.actor.default-dispatcher-2] INFO  akka.event.slf4j.Slf4jLogger - Slf4jLogger started
15:04:02.493 [OpenAccessApiClient-UnknownDevBuild-akka.actor.default-dispatcher-3] INFO  Remoting - Starting remoting
15:04:02.502 [OpenAccessApiClient-UnknownDevBuild-akka.actor.default-dispatcher-12] INFO  Remoting - Remoting started; listening on addresses :[akka.tcp://OpenAccessApiClient-UnknownDevBuild@192.168.10.128:12687]
15:04:02.505 [OpenAccessApiClient-UnknownDevBuild-akka.actor.default-dispatcher-4] INFO  c.itrsgroup.actor.MessageDispatcher - Attempting to connect to remote service at [192.168.220.54:2551] 1 time(s)
15:04:02.523 [OpenAccessApiClient-UnknownDevBuild-akka.actor.default-dispatcher-12] INFO  akka.contrib.pattern.ClusterClient - Connected to [akka.tcp://ClusterSystem@192.168.220.54:2551/user/receptionist]
15:04:02.536 [OpenAccessApiClient-UnknownDevBuild-akka.actor.default-dispatcher-12] INFO  c.itrsgroup.actor.MessageDispatcher - Authenticating with remote service [/user/frontEnd] at [192.168.220.54:2551]
15:04:02.657 [OpenAccessApiClient-UnknownDevBuild-akka.actor.default-dispatcher-14] INFO  c.itrsgroup.actor.MessageDispatcher - Successfully connected to remote service [akka.tcp://ClusterSystem@192.168.220.54:2551/user/frontEnd]
15:04:02.657 [OpenAccessApiClient-UnknownDevBuild-akka.actor.default-dispatcher-14] INFO  c.itrsgroup.actor.MessageDispatcher - Forwarding Subscription op to cluster frontend: Subscribe(ModelSub(/geneos/gateway[wild(@name,"*")]/directory/probe,Set(),LIST,),None)
15:04:02.722 [OpenAccessApiClient-UnknownDevBuild-akka.actor.default-dispatcher-15] INFO  c.itrsgroup.actor.MessageDispatcher - Forwarding Subscription op to cluster frontend: Subscribe(ModelSub(/geneos/gateway[(@name="GW_TEST_50144")]/directory/probe[(@name="SYSMON")]/managedEntity,Set(),LIST,),None)
15:04:02.828 [OpenAccessApiClient-UnknownDevBuild-akka.actor.default-dispatcher-19] INFO  c.itrsgroup.actor.MessageDispatcher - Forwarding Subscription op to cluster frontend: Subscribe(ModelSub(/geneos/gateway[(@name="GW_TEST_50144")]/directory/probe[(@name="WINSYSMON")]/managedEntity,Set(),LIST,),None)
15:04:02.976 [OpenAccessApiClient-UnknownDevBuild-akka.actor.default-dispatcher-15] INFO  c.itrsgroup.actor.MessageDispatcher - Forwarding Subscription op to cluster frontend: Subscribe(ModelSub(/geneos/gateway[(@name="GW_TEST_50144")]/directory/probe[(@name="First")]/managedEntity,Set(),LIST,),None)
15:04:03.176 [OpenAccessApiClient-UnknownDevBuild-akka.actor.default-dispatcher-3] INFO  c.itrsgroup.actor.MessageDispatcher - Forwarding Subscription op to cluster frontend: Subscribe(ModelSub(/geneos/gateway[(@name="GW_TEST_50144")]/directory/probe[(@name="New Virtual probe")]/managedEntity,Set(),LIST,),None)
15:04:04.177 [OpenAccessApiClient-UnknownDevBuild-akka.actor.default-dispatcher-18] INFO  c.itrsgroup.actor.MessageDispatcher - Forwarding Subscription op to cluster frontend: Subscribe(ModelSub(/geneos/gateway[(@name="GW_TEST_50144")]/directory/probe[(@name="SYSMON")]/managedEntity[(@name="Android")]/sampler,Set(),LIST,),None)
15:04:04.192 [OpenAccessApiClient-UnknownDevBuild-akka.actor.default-dispatcher-14] INFO  c.itrsgroup.actor.MessageDispatcher - Forwarding Subscription op to cluster frontend: Subscribe(ModelSub(/geneos/gateway[(@name="GW_TEST_50144")]/directory/probe[(@name="SYSMON")]/managedEntity[(@name="CPU_Entity")]/sampler,Set(),LIST,),None)
15:04:04.355 [OpenAccessApiClient-UnknownDevBuild-akka.actor.default-dispatcher-4] INFO  c.itrsgroup.actor.MessageDispatcher - Forwarding Subscription op to cluster frontend: Subscribe(ModelSub(/geneos/gateway[(@name="GW_TEST_50144")]/directory/probe[(@name="SYSMON")]/managedEntity[(@name="Copy of New Managed entity")]/sampler,Set(),LIST,),None)
15:04:04.499 [OpenAccessApiClient-UnknownDevBuild-akka.actor.default-dispatcher-4] INFO  c.itrsgroup.actor.MessageDispatcher - Forwarding Subscription op to cluster frontend: Subscribe(ModelSub(/geneos/gateway[(@name="GW_TEST_50144")]/directory/probe[(@name="SYSMON")]/managedEntity[(@name="Copy of New Managed entity 1")]/sampler,Set(),LIST,),None)
15:04:04.703 [OpenAccessApiClient-UnknownDevBuild-akka.actor.default-dispatcher-19] INFO  c.itrsgroup.actor.MessageDispatcher - Forwarding Subscription op to cluster frontend: Subscribe(ModelSub(/geneos/gateway[(@name="GW_TEST_50144")]/directory/probe[(@name="SYSMON")]/managedEntity[(@name="Copy of New Managed entity 10")]/sampler,Set(),LIST,),None)
15:04:04.822 [OpenAccessApiClient-UnknownDevBuild-akka.actor.default-dispatcher-4] INFO  c.itrsgroup.actor.MessageDispatcher - Forwarding Subscription op to cluster frontend: Subscribe(ModelSub(/geneos/gateway[(@name="GW_TEST_50144")]/directory/probe[(@name="SYSMON")]/managedEntity[(@name="Copy of New Managed entity 11")]/sampler,Set(),LIST,),None)
15:04:05.002 [OpenAccessApiClient-UnknownDevBuild-akka.actor.default-dispatcher-12] INFO  c.itrsgroup.actor.MessageDispatcher - Forwarding Subscription op to cluster frontend: Subscribe(ModelSub(/geneos/gateway[(@name="GW_TEST_50144")]/directory/probe[(@name="SYSMON")]/managedEntity[(@name="Copy of New Managed entity 2")]/sampler,Set(),LIST,),None)
15:04:05.124 [OpenAccessApiClient-UnknownDevBuild-akka.actor.default-dispatcher-12] INFO  c.itrsgroup.actor.MessageDispatcher - Forwarding Subscription op to cluster frontend: Subscribe(ModelSub(/geneos/gateway[(@name="GW_TEST_50144")]/directory/probe[(@name="SYSMON")]/managedEntity[(@name="Copy of New Managed entity 3")]/sampler,Set(),LIST,),None)
15:04:05.309 [OpenAccessApiClient-UnknownDevBuild-akka.actor.default-dispatcher-13] INFO  c.itrsgroup.actor.MessageDispatcher - Forwarding Subscription op to cluster frontend: Subscribe(ModelSub(/geneos/gateway[(@name="GW_TEST_50144")]/directory/probe[(@name="SYSMON")]/managedEntity[(@name="Copy of New Managed entity 4")]/sampler,Set(),LIST,),None)
15:04:05.425 [OpenAccessApiClient-UnknownDevBuild-akka.actor.default-dispatcher-16] INFO  c.itrsgroup.actor.MessageDispatcher - Forwarding Subscription op to cluster frontend: Subscribe(ModelSub(/geneos/gateway[(@name="GW_TEST_50144")]/directory/probe[(@name="SYSMON")]/managedEntity[(@name="Copy of New Managed entity 5")]/sampler,Set(),LIST,),None)
15:04:05.581 [OpenAccessApiClient-UnknownDevBuild-akka.actor.default-dispatcher-17] INFO  c.itrsgroup.actor.MessageDispatcher - Forwarding Subscription op to cluster frontend: Subscribe(ModelSub(/geneos/gateway[(@name="GW_TEST_50144")]/directory/probe[(@name="SYSMON")]/managedEntity[(@name="Copy of New Managed entity 6")]/sampler,Set(),LIST,),None)
15:04:05.765 [OpenAccessApiClient-UnknownDevBuild-akka.actor.default-dispatcher-14] INFO  c.itrsgroup.actor.MessageDispatcher - Forwarding Subscription op to cluster frontend: Subscribe(ModelSub(/geneos/gateway[(@name="GW_TEST_50144")]/directory/probe[(@name="SYSMON")]/managedEntity[(@name="Copy of New Managed entity 7")]/sampler,Set(),LIST,),None)
15:04:05.899 [OpenAccessApiClient-UnknownDevBuild-akka.actor.default-dispatcher-20] INFO  c.itrsgroup.actor.MessageDispatcher - Forwarding Subscription op to cluster frontend: Subscribe(ModelSub(/geneos/gateway[(@name="GW_TEST_50144")]/directory/probe[(@name="SYSMON")]/managedEntity[(@name="Copy of New Managed entity 8")]/sampler,Set(),LIST,),None)
15:04:06.020 [OpenAccessApiClient-UnknownDevBuild-akka.actor.default-dispatcher-4] INFO  c.itrsgroup.actor.MessageDispatcher - Forwarding Subscription op to cluster frontend: Subscribe(ModelSub(/geneos/gateway[(@name="GW_TEST_50144")]/directory/probe[(@name="SYSMON")]/managedEntity[(@name="Copy of New Managed entity 9")]/sampler,Set(),LIST,),None)
15:04:06.224 [OpenAccessApiClient-UnknownDevBuild-akka.actor.default-dispatcher-14] INFO  c.itrsgroup.actor.MessageDispatcher - Forwarding Subscription op to cluster frontend: Subscribe(ModelSub(/geneos/gateway[(@name="GW_TEST_50144")]/directory/probe[(@name="SYSMON")]/managedEntity[(@name="FKM")]/sampler,Set(),LIST,),None)
15:04:06.353 [OpenAccessApiClient-UnknownDevBuild-akka.actor.default-dispatcher-17] INFO  c.itrsgroup.actor.MessageDispatcher - Forwarding Subscription op to cluster frontend: Subscribe(ModelSub(/geneos/gateway[(@name="GW_TEST_50144")]/directory/probe[(@name="SYSMON")]/managedEntity[(@name="HELLO")]/sampler,Set(),LIST,),None)
15:04:06.468 [OpenAccessApiClient-UnknownDevBuild-akka.actor.default-dispatcher-18] INFO  c.itrsgroup.actor.MessageDispatcher - Forwarding Subscription op to cluster frontend: Subscribe(ModelSub(/geneos/gateway[(@name="GW_TEST_50144")]/directory/probe[(@name="SYSMON")]/managedEntity[(@name="New Managed entity")]/sampler,Set(),LIST,),None)
15:04:06.620 [OpenAccessApiClient-UnknownDevBuild-akka.actor.default-dispatcher-19] INFO  c.itrsgroup.actor.MessageDispatcher - Forwarding Subscription op to cluster frontend: Subscribe(ModelSub(/geneos/gateway[(@name="GW_TEST_50144")]/directory/probe[(@name="SYSMON")]/managedEntity[(@name="THISISATEST")]/sampler,Set(),LIST,),None)
15:04:06.824 [OpenAccessApiClient-UnknownDevBuild-akka.actor.default-dispatcher-4] INFO  c.itrsgroup.actor.MessageDispatcher - Forwarding Subscription op to cluster frontend: Subscribe(ModelSub(/geneos/gateway[(@name="GW_TEST_50144")]/directory/probe[(@name="SYSMON")]/managedEntity[(@name="TOOLKIT_TEST")]/sampler,Set(),LIST,),None)
15:04:06.926 [OpenAccessApiClient-UnknownDevBuild-akka.actor.default-dispatcher-15] INFO  c.itrsgroup.actor.MessageDispatcher - Forwarding Subscription op to cluster frontend: Subscribe(ModelSub(/geneos/gateway[(@name="GW_TEST_50144")]/directory/probe[(@name="SYSMON")]/managedEntity[(@name="tttttttttttttttttteeeeeeeeeeeeeeeeeeeeeeeesssssssssssssssssssssssstttttttttttttttttttttttt")]/sampler,Set(),LIST,),None)
15:04:07.080 [OpenAccessApiClient-UnknownDevBuild-akka.actor.default-dispatcher-16] INFO  c.itrsgroup.actor.MessageDispatcher - Forwarding Subscription op to cluster frontend: Subscribe(ModelSub(/geneos/gateway[(@name="GW_TEST_50144")]/directory/probe[(@name="SYSMON")]/managedEntity[(@name="zzzzzzzzz")]/sampler,Set(),LIST,),None)
15:04:07.282 [OpenAccessApiClient-UnknownDevBuild-akka.actor.default-dispatcher-4] INFO  c.itrsgroup.actor.MessageDispatcher - Forwarding Subscription op to cluster frontend: Subscribe(ModelSub(/geneos/gateway[(@name="GW_TEST_50144")]/directory/probe[(@name="WINSYSMON")]/managedEntity[(@name="CPU_ENTITY")]/sampler,Set(),LIST,),None)
15:04:07.380 [OpenAccessApiClient-UnknownDevBuild-akka.actor.default-dispatcher-18] INFO  c.itrsgroup.actor.MessageDispatcher - Forwarding Subscription op to cluster frontend: Subscribe(ModelSub(/geneos/gateway[(@name="GW_TEST_50144")]/directory/probe[(@name="First")]/managedEntity[(@name="CPU Action test")]/sampler,Set(),LIST,),None)
15:04:07.530 [OpenAccessApiClient-UnknownDevBuild-akka.actor.default-dispatcher-20] INFO  c.itrsgroup.actor.MessageDispatcher - Forwarding Subscription op to cluster frontend: Subscribe(ModelSub(/geneos/gateway[(@name="GW_TEST_50144")]/directory/probe[(@name="SYSMON")]/managedEntity[(@name="Android")]/sampler[(@name="AppTest")][(@type="")]/dataview,Set(),LIST,),None)
15:04:07.732 [OpenAccessApiClient-UnknownDevBuild-akka.actor.default-dispatcher-19] INFO  c.itrsgroup.actor.MessageDispatcher - Forwarding Subscription op to cluster frontend: Subscribe(ModelSub(/geneos/gateway[(@name="GW_TEST_50144")]/directory/probe[(@name="SYSMON")]/managedEntity[(@name="CPU_Entity")]/sampler[(@name="CPU_sampler")][(@type="")]/dataview,Set(),LIST,),None)
15:04:07.840 [OpenAccessApiClient-UnknownDevBuild-akka.actor.default-dispatcher-4] INFO  c.itrsgroup.actor.MessageDispatcher - Forwarding Subscription op to cluster frontend: Subscribe(ModelSub(/geneos/gateway[(@name="GW_TEST_50144")]/directory/probe[(@name="SYSMON")]/managedEntity[(@name="CPU_Entity")]/sampler[(@name="New Sampler 3")][(@type="")]/dataview,Set(),LIST,),None)
15:04:08.843 [OpenAccessApiClient-UnknownDevBuild-akka.actor.default-dispatcher-2] INFO  c.itrsgroup.actor.MessageDispatcher - Forwarding Subscription op to cluster frontend: Subscribe(ModelSub(/geneos/gateway[(@name="GW_TEST_50144")]/directory/probe[(@name="SYSMON")]/managedEntity[(@name="CPU_Entity")]/sampler[(@name="new SQl tester")][(@type="")]/dataview,Set(),LIST,),None)
15:04:08.909 [OpenAccessApiClient-UnknownDevBuild-akka.actor.default-dispatcher-15] INFO  c.itrsgroup.actor.MessageDispatcher - Forwarding Subscription op to cluster frontend: Subscribe(ModelSub(/geneos/gateway[(@name="GW_TEST_50144")]/directory/probe[(@name="SYSMON")]/managedEntity[(@name="CPU_Entity")]/sampler[(@name="SQL gateway")][(@type="")]/dataview,Set(),LIST,),None)
15:04:09.119 [OpenAccessApiClient-UnknownDevBuild-akka.actor.default-dispatcher-19] INFO  c.itrsgroup.actor.MessageDispatcher - Forwarding Subscription op to cluster frontend: Subscribe(ModelSub(/geneos/gateway[(@name="GW_TEST_50144")]/directory/probe[(@name="SYSMON")]/managedEntity[(@name="CPU_Entity")]/sampler[(@name="TEST_LOG LOCAL1")][(@type="")]/dataview,Set(),LIST,),None)
15:04:09.247 [OpenAccessApiClient-UnknownDevBuild-akka.actor.default-dispatcher-18] INFO  c.itrsgroup.actor.MessageDispatcher - Forwarding Subscription op to cluster frontend: Subscribe(ModelSub(/geneos/gateway[(@name="GW_TEST_50144")]/directory/probe[(@name="SYSMON")]/managedEntity[(@name="CPU_Entity")]/sampler[(@name="New Sampler 2")][(@type="")]/dataview,Set(),LIST,),None)
15:04:09.374 [OpenAccessApiClient-UnknownDevBuild-akka.actor.default-dispatcher-20] INFO  c.itrsgroup.actor.MessageDispatcher - Forwarding Subscription op to cluster frontend: Subscribe(ModelSub(/geneos/gateway[(@name="GW_TEST_50144")]/directory/probe[(@name="SYSMON")]/managedEntity[(@name="CPU_Entity")]/sampler[(@name="New Sampler 9")][(@type="")]/dataview,Set(),LIST,),None)
15:04:09.524 [OpenAccessApiClient-UnknownDevBuild-akka.actor.default-dispatcher-4] INFO  c.itrsgroup.actor.MessageDispatcher - Forwarding Subscription op to cluster frontend: Subscribe(ModelSub(/geneos/gateway[(@name="GW_TEST_50144")]/directory/probe[(@name="SYSMON")]/managedEntity[(@name="CPU_Entity")]/sampler[(@name="Feed Monitoring_uat1")][(@type="")]/dataview,Set(),LIST,),None)
15:04:09.719 [OpenAccessApiClient-UnknownDevBuild-akka.actor.default-dispatcher-16] INFO  c.itrsgroup.actor.MessageDispatcher - Forwarding Subscription op to cluster frontend: Subscribe(ModelSub(/geneos/gateway[(@name="GW_TEST_50144")]/directory/probe[(@name="SYSMON")]/managedEntity[(@name="CPU_Entity")]/sampler[(@name="New Sampler 10")][(@type="")]/dataview,Set(),LIST,),None)
15:04:10.720 [OpenAccessApiClient-UnknownDevBuild-akka.actor.default-dispatcher-4] INFO  c.itrsgroup.actor.MessageDispatcher - Forwarding Subscription op to cluster frontend: Subscribe(ModelSub(/geneos/gateway[(@name="GW_TEST_50144")]/directory/probe[(@name="SYSMON")]/managedEntity[(@name="Copy of New Managed entity")]/sampler[(@name="CPU_sampler")][(@type="")]/dataview,Set(),LIST,),None)
15:04:11.179 [OpenAccessApiClient-UnknownDevBuild-akka.actor.default-dispatcher-18] INFO  c.itrsgroup.actor.MessageDispatcher - Forwarding Subscription op to cluster frontend: Subscribe(ModelSub(/geneos/gateway[(@name="GW_TEST_50144")]/directory/probe[(@name="SYSMON")]/managedEntity[(@name="Copy of New Managed entity 1")]/sampler[(@name="CPU_sampler")][(@type="")]/dataview,Set(),LIST,),None)
15:04:11.385 [OpenAccessApiClient-UnknownDevBuild-akka.actor.default-dispatcher-15] INFO  c.itrsgroup.actor.MessageDispatcher - Forwarding Subscription op to cluster frontend: Subscribe(ModelSub(/geneos/gateway[(@name="GW_TEST_50144")]/directory/probe[(@name="SYSMON")]/managedEntity[(@name="Copy of New Managed entity 10")]/sampler[(@name="CPU_sampler")][(@type="")]/dataview,Set(),LIST,),None)
15:04:11.514 [OpenAccessApiClient-UnknownDevBuild-akka.actor.default-dispatcher-18] INFO  c.itrsgroup.actor.MessageDispatcher - Forwarding Subscription op to cluster frontend: Subscribe(ModelSub(/geneos/gateway[(@name="GW_TEST_50144")]/directory/probe[(@name="SYSMON")]/managedEntity[(@name="Copy of New Managed entity 11")]/sampler[(@name="CPU_sampler")][(@type="")]/dataview,Set(),LIST,),None)
15:04:11.684 [OpenAccessApiClient-UnknownDevBuild-akka.actor.default-dispatcher-2] INFO  c.itrsgroup.actor.MessageDispatcher - Forwarding Subscription op to cluster frontend: Subscribe(ModelSub(/geneos/gateway[(@name="GW_TEST_50144")]/directory/probe[(@name="SYSMON")]/managedEntity[(@name="Copy of New Managed entity 2")]/sampler[(@name="CPU_sampler")][(@type="")]/dataview,Set(),LIST,),None)
15:04:11.804 [OpenAccessApiClient-UnknownDevBuild-akka.actor.default-dispatcher-13] INFO  c.itrsgroup.actor.MessageDispatcher - Forwarding Subscription op to cluster frontend: Subscribe(ModelSub(/geneos/gateway[(@name="GW_TEST_50144")]/directory/probe[(@name="SYSMON")]/managedEntity[(@name="Copy of New Managed entity 3")]/sampler[(@name="CPU_sampler")][(@type="")]/dataview,Set(),LIST,),None)
15:04:11.985 [OpenAccessApiClient-UnknownDevBuild-akka.actor.default-dispatcher-3] INFO  c.itrsgroup.actor.MessageDispatcher - Forwarding Subscription op to cluster frontend: Subscribe(ModelSub(/geneos/gateway[(@name="GW_TEST_50144")]/directory/probe[(@name="SYSMON")]/managedEntity[(@name="Copy of New Managed entity 4")]/sampler[(@name="CPU_sampler")][(@type="")]/dataview,Set(),LIST,),None)
15:04:12.136 [OpenAccessApiClient-UnknownDevBuild-akka.actor.default-dispatcher-12] INFO  c.itrsgroup.actor.MessageDispatcher - Forwarding Subscription op to cluster frontend: Subscribe(ModelSub(/geneos/gateway[(@name="GW_TEST_50144")]/directory/probe[(@name="SYSMON")]/managedEntity[(@name="Copy of New Managed entity 5")]/sampler[(@name="CPU_sampler")][(@type="")]/dataview,Set(),LIST,),None)
15:04:12.249 [OpenAccessApiClient-UnknownDevBuild-akka.actor.default-dispatcher-16] INFO  c.itrsgroup.actor.MessageDispatcher - Forwarding Subscription op to cluster frontend: Subscribe(ModelSub(/geneos/gateway[(@name="GW_TEST_50144")]/directory/probe[(@name="SYSMON")]/managedEntity[(@name="Copy of New Managed entity 6")]/sampler[(@name="CPU_sampler")][(@type="")]/dataview,Set(),LIST,),None)
15:04:12.438 [OpenAccessApiClient-UnknownDevBuild-akka.actor.default-dispatcher-3] INFO  c.itrsgroup.actor.MessageDispatcher - Forwarding Subscription op to cluster frontend: Subscribe(ModelSub(/geneos/gateway[(@name="GW_TEST_50144")]/directory/probe[(@name="SYSMON")]/managedEntity[(@name="Copy of New Managed entity 7")]/sampler[(@name="CPU_sampler")][(@type="")]/dataview,Set(),LIST,),None)
15:04:12.573 [OpenAccessApiClient-UnknownDevBuild-akka.actor.default-dispatcher-16] INFO  c.itrsgroup.actor.MessageDispatcher - Forwarding Subscription op to cluster frontend: Subscribe(ModelSub(/geneos/gateway[(@name="GW_TEST_50144")]/directory/probe[(@name="SYSMON")]/managedEntity[(@name="Copy of New Managed entity 8")]/sampler[(@name="CPU_sampler")][(@type="")]/dataview,Set(),LIST,),None)
15:04:12.691 [OpenAccessApiClient-UnknownDevBuild-akka.actor.default-dispatcher-4] INFO  c.itrsgroup.actor.MessageDispatcher - Forwarding Subscription op to cluster frontend: Subscribe(ModelSub(/geneos/gateway[(@name="GW_TEST_50144")]/directory/probe[(@name="SYSMON")]/managedEntity[(@name="Copy of New Managed entity 9")]/sampler[(@name="CPU_sampler")][(@type="")]/dataview,Set(),LIST,),None)
15:04:12.896 [OpenAccessApiClient-UnknownDevBuild-akka.actor.default-dispatcher-4] INFO  c.itrsgroup.actor.MessageDispatcher - Forwarding Subscription op to cluster frontend: Subscribe(ModelSub(/geneos/gateway[(@name="GW_TEST_50144")]/directory/probe[(@name="SYSMON")]/managedEntity[(@name="FKM")]/sampler[(@name="FKM")][(@type="")]/dataview,Set(),LIST,),None)
15:04:12.999 [OpenAccessApiClient-UnknownDevBuild-akka.actor.default-dispatcher-19] INFO  c.itrsgroup.actor.MessageDispatcher - Forwarding Subscription op to cluster frontend: Subscribe(ModelSub(/geneos/gateway[(@name="GW_TEST_50144")]/directory/probe[(@name="SYSMON")]/managedEntity[(@name="FKM")]/sampler[(@name="FTM Test")][(@type="")]/dataview,Set(),LIST,),None)
15:04:13.204 [OpenAccessApiClient-UnknownDevBuild-akka.actor.default-dispatcher-15] INFO  c.itrsgroup.actor.MessageDispatcher - Forwarding Subscription op to cluster frontend: Subscribe(ModelSub(/geneos/gateway[(@name="GW_TEST_50144")]/directory/probe[(@name="SYSMON")]/managedEntity[(@name="HELLO")]/sampler[(@name="FKM")][(@type="")]/dataview,Set(),LIST,),None)
15:04:13.311 [OpenAccessApiClient-UnknownDevBuild-akka.actor.default-dispatcher-4] INFO  c.itrsgroup.actor.MessageDispatcher - Forwarding Subscription op to cluster frontend: Subscribe(ModelSub(/geneos/gateway[(@name="GW_TEST_50144")]/directory/probe[(@name="SYSMON")]/managedEntity[(@name="HELLO")]/sampler[(@name="Cluster Monitoring Sampler")][(@type="")]/dataview,Set(),LIST,),None)
15:04:13.452 [OpenAccessApiClient-UnknownDevBuild-akka.actor.default-dispatcher-13] INFO  c.itrsgroup.actor.MessageDispatcher - Forwarding Subscription op to cluster frontend: Subscribe(ModelSub(/geneos/gateway[(@name="GW_TEST_50144")]/directory/probe[(@name="SYSMON")]/managedEntity[(@name="HELLO")]/sampler[(@name="New Sampler 1")][(@type="")]/dataview,Set(),LIST,),None)
15:04:13.606 [OpenAccessApiClient-UnknownDevBuild-akka.actor.default-dispatcher-2] INFO  c.itrsgroup.actor.MessageDispatcher - Forwarding Subscription op to cluster frontend: Subscribe(ModelSub(/geneos/gateway[(@name="GW_TEST_50144")]/directory/probe[(@name="SYSMON")]/managedEntity[(@name="HELLO")]/sampler[(@name="new SQl tester")][(@type="")]/dataview,Set(),LIST,),None)
15:04:13.803 [OpenAccessApiClient-UnknownDevBuild-akka.actor.default-dispatcher-4] INFO  c.itrsgroup.actor.MessageDispatcher - Forwarding Subscription op to cluster frontend: Subscribe(ModelSub(/geneos/gateway[(@name="GW_TEST_50144")]/directory/probe[(@name="SYSMON")]/managedEntity[(@name="New Managed entity")]/sampler[(@name="CPU_sampler")][(@type="")]/dataview,Set(),LIST,),None)
15:04:13.904 [OpenAccessApiClient-UnknownDevBuild-akka.actor.default-dispatcher-13] INFO  c.itrsgroup.actor.MessageDispatcher - Forwarding Subscription op to cluster frontend: Subscribe(ModelSub(/geneos/gateway[(@name="GW_TEST_50144")]/directory/probe[(@name="SYSMON")]/managedEntity[(@name="THISISATEST")]/sampler[(@name="FTM Test")][(@type="")]/dataview,Set(),LIST,),None)
15:04:14.104 [OpenAccessApiClient-UnknownDevBuild-akka.actor.default-dispatcher-4] INFO  c.itrsgroup.actor.MessageDispatcher - Forwarding Subscription op to cluster frontend: Subscribe(ModelSub(/geneos/gateway[(@name="GW_TEST_50144")]/directory/probe[(@name="SYSMON")]/managedEntity[(@name="TOOLKIT_TEST")]/sampler[(@name="Toolkit")][(@type="")]/dataview,Set(),LIST,),None)
15:04:14.218 [OpenAccessApiClient-UnknownDevBuild-akka.actor.default-dispatcher-16] INFO  c.itrsgroup.actor.MessageDispatcher - Forwarding Subscription op to cluster frontend: Subscribe(ModelSub(/geneos/gateway[(@name="GW_TEST_50144")]/directory/probe[(@name="SYSMON")]/managedEntity[(@name="TOOLKIT_TEST")]/sampler[(@name="ICE MYSQL")][(@type="")]/dataview,Set(),LIST,),None)
15:04:14.408 [OpenAccessApiClient-UnknownDevBuild-akka.actor.default-dispatcher-12] INFO  c.itrsgroup.actor.MessageDispatcher - Forwarding Subscription op to cluster frontend: Subscribe(ModelSub(/geneos/gateway[(@name="GW_TEST_50144")]/directory/probe[(@name="SYSMON")]/managedEntity[(@name="TOOLKIT_TEST")]/sampler[(@name="TEST ICE")][(@type="")]/dataview,Set(),LIST,),None)
15:04:14.521 [OpenAccessApiClient-UnknownDevBuild-akka.actor.default-dispatcher-15] INFO  c.itrsgroup.actor.MessageDispatcher - Forwarding Subscription op to cluster frontend: Subscribe(ModelSub(/geneos/gateway[(@name="GW_TEST_50144")]/directory/probe[(@name="SYSMON")]/managedEntity[(@name="TOOLKIT_TEST")]/sampler[(@name="TestSQL")][(@type="")]/dataview,Set(),LIST,),None)
15:04:14.710 [OpenAccessApiClient-UnknownDevBuild-akka.actor.default-dispatcher-13] INFO  c.itrsgroup.actor.MessageDispatcher - Forwarding Subscription op to cluster frontend: Subscribe(ModelSub(/geneos/gateway[(@name="GW_TEST_50144")]/directory/probe[(@name="SYSMON")]/managedEntity[(@name="TOOLKIT_TEST")]/sampler[(@name="New Sampler 6")][(@type="")]/dataview,Set(),LIST,),None)
15:04:14.827 [OpenAccessApiClient-UnknownDevBuild-akka.actor.default-dispatcher-15] INFO  c.itrsgroup.actor.MessageDispatcher - Forwarding Subscription op to cluster frontend: Subscribe(ModelSub(/geneos/gateway[(@name="GW_TEST_50144")]/directory/probe[(@name="SYSMON")]/managedEntity[(@name="TOOLKIT_TEST")]/sampler[(@name="ME VS APPa")][(@type="")]/dataview,Set(),LIST,),None)
15:04:15.012 [OpenAccessApiClient-UnknownDevBuild-akka.actor.default-dispatcher-12] INFO  c.itrsgroup.actor.MessageDispatcher - Forwarding Subscription op to cluster frontend: Subscribe(ModelSub(/geneos/gateway[(@name="GW_TEST_50144")]/directory/probe[(@name="SYSMON")]/managedEntity[(@name="tttttttttttttttttteeeeeeeeeeeeeeeeeeeeeeeesssssssssssssssssssssssstttttttttttttttttttttttt")]/sampler[(@name="CPU")][(@type="")]/dataview,Set(),LIST,),None)
15:04:16.012 [OpenAccessApiClient-UnknownDevBuild-akka.actor.default-dispatcher-3] INFO  c.itrsgroup.actor.MessageDispatcher - Forwarding Subscription op to cluster frontend: Subscribe(ModelSub(/geneos/gateway[(@name="GW_TEST_50144")]/directory/probe[(@name="SYSMON")]/managedEntity[(@name="tttttttttttttttttteeeeeeeeeeeeeeeeeeeeeeeesssssssssssssssssssssssstttttttttttttttttttttttt")]/sampler[(@name="CPU_sampler")][(@type="")]/dataview,Set(),LIST,),None)
15:04:16.027 [OpenAccessApiClient-UnknownDevBuild-akka.actor.default-dispatcher-3] INFO  c.itrsgroup.actor.MessageDispatcher - Forwarding Subscription op to cluster frontend: Subscribe(ModelSub(/geneos/gateway[(@name="GW_TEST_50144")]/directory/probe[(@name="SYSMON")]/managedEntity[(@name="tttttttttttttttttteeeeeeeeeeeeeeeeeeeeeeeesssssssssssssssssssssssstttttttttttttttttttttttt")]/sampler[(@name="FKM")][(@type="")]/dataview,Set(),LIST,),None)
15:04:16.234 [OpenAccessApiClient-UnknownDevBuild-akka.actor.default-dispatcher-16] INFO  c.itrsgroup.actor.MessageDispatcher - Forwarding Subscription op to cluster frontend: Subscribe(ModelSub(/geneos/gateway[(@name="GW_TEST_50144")]/directory/probe[(@name="SYSMON")]/managedEntity[(@name="zzzzzzzzz")]/sampler[(@name="CPU")][(@type="")]/dataview,Set(),LIST,),None)
15:04:17.236 [OpenAccessApiClient-UnknownDevBuild-akka.actor.default-dispatcher-16] INFO  c.itrsgroup.actor.MessageDispatcher - Forwarding Subscription op to cluster frontend: Subscribe(ModelSub(/geneos/gateway[(@name="GW_TEST_50144")]/directory/probe[(@name="SYSMON")]/managedEntity[(@name="zzzzzzzzz")]/sampler[(@name="Toolkit")][(@type="")]/dataview,Set(),LIST,),None)
15:04:17.387 [OpenAccessApiClient-UnknownDevBuild-akka.actor.default-dispatcher-13] INFO  c.itrsgroup.actor.MessageDispatcher - Forwarding Subscription op to cluster frontend: Subscribe(ModelSub(/geneos/gateway[(@name="GW_TEST_50144")]/directory/probe[(@name="WINSYSMON")]/managedEntity[(@name="CPU_ENTITY")]/sampler[(@name="CPU_sampler")][(@type="")]/dataview,Set(),LIST,),None)
15:04:17.571 [OpenAccessApiClient-UnknownDevBuild-akka.actor.default-dispatcher-15] INFO  c.itrsgroup.actor.MessageDispatcher - Forwarding Subscription op to cluster frontend: Subscribe(ModelSub(/geneos/gateway[(@name="GW_TEST_50144")]/directory/probe[(@name="WINSYSMON")]/managedEntity[(@name="CPU_ENTITY")]/sampler[(@name="Toolkit2")][(@type="")]/dataview,Set(),LIST,),None)
15:04:17.684 [OpenAccessApiClient-UnknownDevBuild-akka.actor.default-dispatcher-3] INFO  c.itrsgroup.actor.MessageDispatcher - Forwarding Subscription op to cluster frontend: Subscribe(ModelSub(/geneos/gateway[(@name="GW_TEST_50144")]/directory/probe[(@name="WINSYSMON")]/managedEntity[(@name="CPU_ENTITY")]/sampler[(@name="TestSQL")][(@type="")]/dataview,Set(),LIST,),None)
15:04:17.886 [OpenAccessApiClient-UnknownDevBuild-akka.actor.default-dispatcher-2] INFO  c.itrsgroup.actor.MessageDispatcher - Forwarding Subscription op to cluster frontend: Subscribe(ModelSub(/geneos/gateway[(@name="GW_TEST_50144")]/directory/probe[(@name="WINSYSMON")]/managedEntity[(@name="CPU_ENTITY")]/sampler[(@name="Trigger sample")][(@type="")]/dataview,Set(),LIST,),None)
15:04:17.994 [OpenAccessApiClient-UnknownDevBuild-akka.actor.default-dispatcher-13] INFO  c.itrsgroup.actor.MessageDispatcher - Forwarding Subscription op to cluster frontend: Subscribe(ModelSub(/geneos/gateway[(@name="GW_TEST_50144")]/directory/probe[(@name="WINSYSMON")]/managedEntity[(@name="CPU_ENTITY")]/sampler[(@name="Timestamp sql")][(@type="")]/dataview,Set(),LIST,),None)
15:04:18.187 [OpenAccessApiClient-UnknownDevBuild-akka.actor.default-dispatcher-15] INFO  c.itrsgroup.actor.MessageDispatcher - Forwarding Subscription op to cluster frontend: Subscribe(ModelSub(/geneos/gateway[(@name="GW_TEST_50144")]/directory/probe[(@name="WINSYSMON")]/managedEntity[(@name="CPU_ENTITY")]/sampler[(@name="eventlog")][(@type="")]/dataview,Set(),LIST,),None)
15:04:18.311 [OpenAccessApiClient-UnknownDevBuild-akka.actor.default-dispatcher-13] INFO  c.itrsgroup.actor.MessageDispatcher - Forwarding Subscription op to cluster frontend: Subscribe(ModelSub(/geneos/gateway[(@name="GW_TEST_50144")]/directory/probe[(@name="WINSYSMON")]/managedEntity[(@name="CPU_ENTITY")]/sampler[(@name="Win Services")][(@type="")]/dataview,Set(),LIST,),None)
15:04:18.488 [OpenAccessApiClient-UnknownDevBuild-akka.actor.default-dispatcher-3] INFO  c.itrsgroup.actor.MessageDispatcher - Forwarding Subscription op to cluster frontend: Subscribe(ModelSub(/geneos/gateway[(@name="GW_TEST_50144")]/directory/probe[(@name="WINSYSMON")]/managedEntity[(@name="CPU_ENTITY")]/sampler[(@name="proc")][(@type="")]/dataview,Set(),LIST,),None)
15:04:18.641 [OpenAccessApiClient-UnknownDevBuild-akka.actor.default-dispatcher-12] INFO  c.itrsgroup.actor.MessageDispatcher - Forwarding Subscription op to cluster frontend: Subscribe(ModelSub(/geneos/gateway[(@name="GW_TEST_50144")]/directory/probe[(@name="WINSYSMON")]/managedEntity[(@name="CPU_ENTITY")]/sampler[(@name="New Sampler 5")][(@type="")]/dataview,Set(),LIST,),None)
15:04:18.753 [OpenAccessApiClient-UnknownDevBuild-akka.actor.default-dispatcher-20] INFO  c.itrsgroup.actor.MessageDispatcher - Forwarding Subscription op to cluster frontend: Subscribe(ModelSub(/geneos/gateway[(@name="GW_TEST_50144")]/directory/probe[(@name="WINSYSMON")]/managedEntity[(@name="CPU_ENTITY")]/sampler[(@name="New Sampler 2")][(@type="")]/dataview,Set(),LIST,),None)
15:04:18.892 [OpenAccessApiClient-UnknownDevBuild-akka.actor.default-dispatcher-2] INFO  c.itrsgroup.actor.MessageDispatcher - Forwarding Subscription op to cluster frontend: Subscribe(ModelSub(/geneos/gateway[(@name="GW_TEST_50144")]/directory/probe[(@name="WINSYSMON")]/managedEntity[(@name="CPU_ENTITY")]/sampler[(@name="New Sampler 11")][(@type="")]/dataview,Set(),LIST,),None)
15:04:19.097 [OpenAccessApiClient-UnknownDevBuild-akka.actor.default-dispatcher-15] INFO  c.itrsgroup.actor.MessageDispatcher - Forwarding Subscription op to cluster frontend: Subscribe(ModelSub(/geneos/gateway[(@name="GW_TEST_50144")]/directory/probe[(@name="WINSYSMON")]/managedEntity[(@name="CPU_ENTITY")]/sampler[(@name="New Sampler 12")][(@type="")]/dataview,Set(),LIST,),None)
15:04:19.224 [OpenAccessApiClient-UnknownDevBuild-akka.actor.default-dispatcher-19] INFO  c.itrsgroup.actor.MessageDispatcher - Forwarding Subscription op to cluster frontend: Subscribe(ModelSub(/geneos/gateway[(@name="GW_TEST_50144")]/directory/probe[(@name="First")]/managedEntity[(@name="CPU Action test")]/sampler[(@name="CPU")][(@type="")]/dataview,Set(),LIST,),None)
15:04:20.229 [OpenAccessApiClient-UnknownDevBuild-akka.actor.default-dispatcher-12] INFO  a.r.RemoteActorRefProvider$RemotingTerminator - Shutting down remote daemon.
15:04:20.230 [OpenAccessApiClient-UnknownDevBuild-akka.actor.default-dispatcher-12] INFO  a.r.RemoteActorRefProvider$RemotingTerminator - Remote daemon shut down; proceeding with flushing remote transports.
15:04:20.238 [OpenAccessApiClient-UnknownDevBuild-akka.actor.default-dispatcher-12] INFO  a.r.RemoteActorRefProvider$RemotingTerminator - Remoting shut down.
[{"XPath":"/geneos/gateway[(@name=\"GW_TEST_50144\")]/directory/probe[(@name=\"SYSMON\")]/managedEntity[(@name=\"Android\")]/sampler[(@name=\"AppTest\")][(@type=\"\")]/dataview[(@name=\"AppTest\")]","Snoozed":false,"Severity":"UNDEFINED"}, {"XPath":"/geneos/gateway[(@name=\"GW_TEST_50144\")]/directory/probe[(@name=\"SYSMON\")]/managedEntity[(@name=\"Copy of New Managed entity\")]/sampler[(@name=\"CPU_sampler\")][(@type=\"\")]/dataview[(@name=\"CPU_sampler\")]","Snoozed":false,"Severity":"UNDEFINED"}, {"XPath":"/geneos/gateway[(@name=\"GW_TEST_50144\")]/directory/probe[(@name=\"SYSMON\")]/managedEntity[(@name=\"Copy of New Managed entity 1\")]/sampler[(@name=\"CPU_sampler\")][(@type=\"\")]/dataview[(@name=\"CPU_sampler\")]","Snoozed":false,"Severity":"UNDEFINED"}, {"XPath":"/geneos/gateway[(@name=\"GW_TEST_50144\")]/directory/probe[(@name=\"SYSMON\")]/managedEntity[(@name=\"Copy of New Managed entity 10\")]/sampler[(@name=\"CPU_sampler\")][(@type=\"\")]/dataview[(@name=\"CPU_sampler\")]","Snoozed":true,"Severity":"UNDEFINED"}, {"XPath":"/geneos/gateway[(@name=\"GW_TEST_50144\")]/directory/probe[(@name=\"SYSMON\")]/managedEntity[(@name=\"Copy of New Managed entity 11\")]/sampler[(@name=\"CPU_sampler\")][(@type=\"\")]/dataview[(@name=\"CPU_sampler\")]","Snoozed":true,"Severity":"UNDEFINED"}, {"XPath":"/geneos/gateway[(@name=\"GW_TEST_50144\")]/directory/probe[(@name=\"SYSMON\")]/managedEntity[(@name=\"Copy of New Managed entity 2\")]/sampler[(@name=\"CPU_sampler\")][(@type=\"\")]/dataview[(@name=\"CPU_sampler\")]","Snoozed":true,"Severity":"UNDEFINED"}, {"XPath":"/geneos/gateway[(@name=\"GW_TEST_50144\")]/directory/probe[(@name=\"SYSMON\")]/managedEntity[(@name=\"Copy of New Managed entity 3\")]/sampler[(@name=\"CPU_sampler\")][(@type=\"\")]/dataview[(@name=\"CPU_sampler\")]","Snoozed":false,"Severity":"UNDEFINED"}, {"XPath":"/geneos/gateway[(@name=\"GW_TEST_50144\")]/directory/probe[(@name=\"SYSMON\")]/managedEntity[(@name=\"Copy of New Managed entity 4\")]/sampler[(@name=\"CPU_sampler\")][(@type=\"\")]/dataview[(@name=\"CPU_sampler\")]","Snoozed":false,"Severity":"UNDEFINED"}, {"XPath":"/geneos/gateway[(@name=\"GW_TEST_50144\")]/directory/probe[(@name=\"SYSMON\")]/managedEntity[(@name=\"Copy of New Managed entity 5\")]/sampler[(@name=\"CPU_sampler\")][(@type=\"\")]/dataview[(@name=\"CPU_sampler\")]","Snoozed":false,"Severity":"UNDEFINED"}, {"XPath":"/geneos/gateway[(@name=\"GW_TEST_50144\")]/directory/probe[(@name=\"SYSMON\")]/managedEntity[(@name=\"Copy of New Managed entity 6\")]/sampler[(@name=\"CPU_sampler\")][(@type=\"\")]/dataview[(@name=\"CPU_sampler\")]","Snoozed":false,"Severity":"UNDEFINED"}, {"XPath":"/geneos/gateway[(@name=\"GW_TEST_50144\")]/directory/probe[(@name=\"SYSMON\")]/managedEntity[(@name=\"Copy of New Managed entity 7\")]/sampler[(@name=\"CPU_sampler\")][(@type=\"\")]/dataview[(@name=\"CPU_sampler\")]","Snoozed":false,"Severity":"UNDEFINED"}, {"XPath":"/geneos/gateway[(@name=\"GW_TEST_50144\")]/directory/probe[(@name=\"SYSMON\")]/managedEntity[(@name=\"Copy of New Managed entity 8\")]/sampler[(@name=\"CPU_sampler\")][(@type=\"\")]/dataview[(@name=\"CPU_sampler\")]","Snoozed":false,"Severity":"UNDEFINED"}, {"XPath":"/geneos/gateway[(@name=\"GW_TEST_50144\")]/directory/probe[(@name=\"SYSMON\")]/managedEntity[(@name=\"Copy of New Managed entity 9\")]/sampler[(@name=\"CPU_sampler\")][(@type=\"\")]/dataview[(@name=\"CPU_sampler\")]","Snoozed":false,"Severity":"UNDEFINED"}, {"XPath":"/geneos/gateway[(@name=\"GW_TEST_50144\")]/directory/probe[(@name=\"SYSMON\")]/managedEntity[(@name=\"CPU_Entity\")]/sampler[(@name=\"new SQl tester\")][(@type=\"\")]/dataview[(@name=\"cpu\")]","Snoozed":false,"Severity":"OK"}, {"XPath":"/geneos/gateway[(@name=\"GW_TEST_50144\")]/directory/probe[(@name=\"SYSMON\")]/managedEntity[(@name=\"CPU_Entity\")]/sampler[(@name=\"CPU_sampler\")][(@type=\"\")]/dataview[(@name=\"CPU_sampler\")]","Snoozed":false,"Severity":"CRITICAL"}, {"XPath":"/geneos/gateway[(@name=\"GW_TEST_50144\")]/directory/probe[(@name=\"SYSMON\")]/managedEntity[(@name=\"CPU_Entity\")]/sampler[(@name=\"new SQl tester\")][(@type=\"\")]/dataview[(@name=\"cpuAgain\")]","Snoozed":false,"Severity":"UNDEFINED"}, {"XPath":"/geneos/gateway[(@name=\"GW_TEST_50144\")]/directory/probe[(@name=\"SYSMON\")]/managedEntity[(@name=\"CPU_Entity\")]/sampler[(@name=\"Feed Monitoring_uat1\")][(@type=\"\")]/dataview[(@name=\"Feed Monitoring_uat1\")]","Snoozed":false,"Severity":"UNDEFINED"}, {"XPath":"/geneos/gateway[(@name=\"GW_TEST_50144\")]/directory/probe[(@name=\"SYSMON\")]/managedEntity[(@name=\"CPU_Entity\")]/sampler[(@name=\"New Sampler 2\")][(@type=\"\")]/dataview[(@name=\"New Sampler 2\")]","Snoozed":false,"Severity":"UNDEFINED"}, {"XPath":"/geneos/gateway[(@name=\"GW_TEST_50144\")]/directory/probe[(@name=\"SYSMON\")]/managedEntity[(@name=\"CPU_Entity\")]/sampler[(@name=\"New Sampler 9\")][(@type=\"\")]/dataview[(@name=\"New Sampler 9\")]","Snoozed":false,"Severity":"UNDEFINED"}, {"XPath":"/geneos/gateway[(@name=\"GW_TEST_50144\")]/directory/probe[(@name=\"SYSMON\")]/managedEntity[(@name=\"CPU_Entity\")]/sampler[(@name=\"TEST_LOG LOCAL1\")][(@type=\"\")]/dataview[(@name=\"TEST_LOG LOCAL1\")]","Snoozed":false,"Severity":"UNDEFINED"}, {"XPath":"/geneos/gateway[(@name=\"GW_TEST_50144\")]/directory/probe[(@name=\"SYSMON\")]/managedEntity[(@name=\"CPU_Entity\")]/sampler[(@name=\"SQL gateway\")][(@type=\"\")]/dataview[(@name=\"V1\")]","Snoozed":false,"Severity":"UNDEFINED"}, {"XPath":"/geneos/gateway[(@name=\"GW_TEST_50144\")]/directory/probe[(@name=\"WINSYSMON\")]/managedEntity[(@name=\"CPU_ENTITY\")]/sampler[(@name=\"CPU_sampler\")][(@type=\"\")]/dataview[(@name=\"CPU_sampler\")]","Snoozed":false,"Severity":"CRITICAL"}, {"XPath":"/geneos/gateway[(@name=\"GW_TEST_50144\")]/directory/probe[(@name=\"WINSYSMON\")]/managedEntity[(@name=\"CPU_ENTITY\")]/sampler[(@name=\"eventlog\")][(@type=\"\")]/dataview[(@name=\"eventlog\")]","Snoozed":false,"Severity":"UNDEFINED"}, {"XPath":"/geneos/gateway[(@name=\"GW_TEST_50144\")]/directory/probe[(@name=\"WINSYSMON\")]/managedEntity[(@name=\"CPU_ENTITY\")]/sampler[(@name=\"TestSQL\")][(@type=\"\")]/dataview[(@name=\"Everything\")]","Snoozed":false,"Severity":"UNDEFINED"}, {"XPath":"/geneos/gateway[(@name=\"GW_TEST_50144\")]/directory/probe[(@name=\"WINSYSMON\")]/managedEntity[(@name=\"CPU_ENTITY\")]/sampler[(@name=\"Toolkit2\")][(@type=\"\")]/dataview[(@name=\"Instances\")]","Snoozed":false,"Severity":"UNDEFINED"}, {"XPath":"/geneos/gateway[(@name=\"GW_TEST_50144\")]/directory/probe[(@name=\"WINSYSMON\")]/managedEntity[(@name=\"CPU_ENTITY\")]/sampler[(@name=\"New Sampler 11\")][(@type=\"\")]/dataview[(@name=\"New Sampler 11\")]","Snoozed":false,"Severity":"UNDEFINED"}, {"XPath":"/geneos/gateway[(@name=\"GW_TEST_50144\")]/directory/probe[(@name=\"WINSYSMON\")]/managedEntity[(@name=\"CPU_ENTITY\")]/sampler[(@name=\"New Sampler 12\")][(@type=\"\")]/dataview[(@name=\"New Sampler 12\")]","Snoozed":false,"Severity":"UNDEFINED"}, {"XPath":"/geneos/gateway[(@name=\"GW_TEST_50144\")]/directory/probe[(@name=\"WINSYSMON\")]/managedEntity[(@name=\"CPU_ENTITY\")]/sampler[(@name=\"New Sampler 2\")][(@type=\"\")]/dataview[(@name=\"New Sampler 2\")]","Snoozed":false,"Severity":"UNDEFINED"}, {"XPath":"/geneos/gateway[(@name=\"GW_TEST_50144\")]/directory/probe[(@name=\"WINSYSMON\")]/managedEntity[(@name=\"CPU_ENTITY\")]/sampler[(@name=\"New Sampler 5\")][(@type=\"\")]/dataview[(@name=\"New Sampler 5\")]","Snoozed":false,"Severity":"UNDEFINED"}, {"XPath":"/geneos/gateway[(@name=\"GW_TEST_50144\")]/directory/probe[(@name=\"WINSYSMON\")]/managedEntity[(@name=\"CPU_ENTITY\")]/sampler[(@name=\"Toolkit2\")][(@type=\"\")]/dataview[(@name=\"Percentage use\")]","Snoozed":false,"Severity":"UNDEFINED"}, {"XPath":"/geneos/gateway[(@name=\"GW_TEST_50144\")]/directory/probe[(@name=\"WINSYSMON\")]/managedEntity[(@name=\"CPU_ENTITY\")]/sampler[(@name=\"proc\")][(@type=\"\")]/dataview[(@name=\"proc\")]","Snoozed":false,"Severity":"UNDEFINED"}, {"XPath":"/geneos/gateway[(@name=\"GW_TEST_50144\")]/directory/probe[(@name=\"WINSYSMON\")]/managedEntity[(@name=\"CPU_ENTITY\")]/sampler[(@name=\"Timestamp sql\")][(@type=\"\")]/dataview[(@name=\"timediff\")]","Snoozed":false,"Severity":"UNDEFINED"}, {"XPath":"/geneos/gateway[(@name=\"GW_TEST_50144\")]/directory/probe[(@name=\"WINSYSMON\")]/managedEntity[(@name=\"CPU_ENTITY\")]/sampler[(@name=\"Trigger sample\")][(@type=\"\")]/dataview[(@name=\"Triggered\")]","Snoozed":false,"Severity":"UNDEFINED"}, {"XPath":"/geneos/gateway[(@name=\"GW_TEST_50144\")]/directory/probe[(@name=\"WINSYSMON\")]/managedEntity[(@name=\"CPU_ENTITY\")]/sampler[(@name=\"Win Services\")][(@type=\"\")]/dataview[(@name=\"Win Services\")]","Snoozed":false,"Severity":"UNDEFINED"}, {"XPath":"/geneos/gateway[(@name=\"GW_TEST_50144\")]/directory/probe[(@name=\"SYSMON\")]/managedEntity[(@name=\"FKM\")]/sampler[(@name=\"FKM\")][(@type=\"\")]/dataview[(@name=\"FKM\")]","Snoozed":false,"Severity":"WARNING"}, {"XPath":"/geneos/gateway[(@name=\"GW_TEST_50144\")]/directory/probe[(@name=\"SYSMON\")]/managedEntity[(@name=\"FKM\")]/sampler[(@name=\"FTM Test\")][(@type=\"\")]/dataview[(@name=\"FTM Test\")]","Snoozed":false,"Severity":"UNDEFINED"}, {"XPath":"/geneos/gateway[(@name=\"GW_TEST_50144\")]/directory/probe[(@name=\"SYSMON\")]/managedEntity[(@name=\"HELLO\")]/sampler[(@name=\"Cluster Monitoring Sampler\")][(@type=\"\")]/dataview[(@name=\"192-168-220-54-2551-clients\")]","Snoozed":false,"Severity":"OK"}, {"XPath":"/geneos/gateway[(@name=\"GW_TEST_50144\")]/directory/probe[(@name=\"SYSMON\")]/managedEntity[(@name=\"HELLO\")]/sampler[(@name=\"Cluster Monitoring Sampler\")][(@type=\"\")]/dataview[(@name=\"192-168-220-54-2551-clusterNodes\")]","Snoozed":false,"Severity":"OK"}, {"XPath":"/geneos/gateway[(@name=\"GW_TEST_50144\")]/directory/probe[(@name=\"SYSMON\")]/managedEntity[(@name=\"HELLO\")]/sampler[(@name=\"Cluster Monitoring Sampler\")][(@type=\"\")]/dataview[(@name=\"192-168-220-54-2551-gateways\")]","Snoozed":false,"Severity":"OK"}, {"XPath":"/geneos/gateway[(@name=\"GW_TEST_50144\")]/directory/probe[(@name=\"SYSMON\")]/managedEntity[(@name=\"HELLO\")]/sampler[(@name=\"new SQl tester\")][(@type=\"\")]/dataview[(@name=\"cpu\")]","Snoozed":false,"Severity":"UNDEFINED"}, {"XPath":"/geneos/gateway[(@name=\"GW_TEST_50144\")]/directory/probe[(@name=\"SYSMON\")]/managedEntity[(@name=\"HELLO\")]/sampler[(@name=\"new SQl tester\")][(@type=\"\")]/dataview[(@name=\"cpuAgain\")]","Snoozed":false,"Severity":"UNDEFINED"}, {"XPath":"/geneos/gateway[(@name=\"GW_TEST_50144\")]/directory/probe[(@name=\"SYSMON\")]/managedEntity[(@name=\"HELLO\")]/sampler[(@name=\"Cluster Monitoring Sampler\")][(@type=\"\")]/dataview[(@name=\"Diagnostics\")]","Snoozed":false,"Severity":"UNDEFINED"}, {"XPath":"/geneos/gateway[(@name=\"GW_TEST_50144\")]/directory/probe[(@name=\"SYSMON\")]/managedEntity[(@name=\"HELLO\")]/sampler[(@name=\"FKM\")][(@type=\"\")]/dataview[(@name=\"FKM\")]","Snoozed":false,"Severity":"OK"}, {"XPath":"/geneos/gateway[(@name=\"GW_TEST_50144\")]/directory/probe[(@name=\"SYSMON\")]/managedEntity[(@name=\"HELLO\")]/sampler[(@name=\"New Sampler 1\")][(@type=\"\")]/dataview[(@name=\"test\")]","Snoozed":false,"Severity":"UNDEFINED"}, {"XPath":"/geneos/gateway[(@name=\"GW_TEST_50144\")]/directory/probe[(@name=\"SYSMON\")]/managedEntity[(@name=\"New Managed entity\")]/sampler[(@name=\"CPU_sampler\")][(@type=\"\")]/dataview[(@name=\"CPU_sampler\")]","Snoozed":false,"Severity":"UNDEFINED"}, {"XPath":"/geneos/gateway[(@name=\"GW_TEST_50144\")]/directory/probe[(@name=\"SYSMON\")]/managedEntity[(@name=\"THISISATEST\")]/sampler[(@name=\"FTM Test\")][(@type=\"\")]/dataview[(@name=\"FTM Test\")]","Snoozed":false,"Severity":"UNDEFINED"}, {"XPath":"/geneos/gateway[(@name=\"GW_TEST_50144\")]/directory/probe[(@name=\"SYSMON\")]/managedEntity[(@name=\"TOOLKIT_TEST\")]/sampler[(@name=\"TestSQL\")][(@type=\"\")]/dataview[(@name=\"Everything\")]","Snoozed":false,"Severity":"UNDEFINED"}, {"XPath":"/geneos/gateway[(@name=\"GW_TEST_50144\")]/directory/probe[(@name=\"SYSMON\")]/managedEntity[(@name=\"TOOLKIT_TEST\")]/sampler[(@name=\"ICE MYSQL\")][(@type=\"\")]/dataview[(@name=\"ICE RECENT\")]","Snoozed":false,"Severity":"UNDEFINED"}, {"XPath":"/geneos/gateway[(@name=\"GW_TEST_50144\")]/directory/probe[(@name=\"SYSMON\")]/managedEntity[(@name=\"TOOLKIT_TEST\")]/sampler[(@name=\"TEST ICE\")][(@type=\"\")]/dataview[(@name=\"ICE RECENT\")]","Snoozed":false,"Severity":"UNDEFINED"}, {"XPath":"/geneos/gateway[(@name=\"GW_TEST_50144\")]/directory/probe[(@name=\"SYSMON\")]/managedEntity[(@name=\"TOOLKIT_TEST\")]/sampler[(@name=\"ME VS APPa\")][(@type=\"\")]/dataview[(@name=\"ME VS APP\")]","Snoozed":false,"Severity":"UNDEFINED"}, {"XPath":"/geneos/gateway[(@name=\"GW_TEST_50144\")]/directory/probe[(@name=\"SYSMON\")]/managedEntity[(@name=\"TOOLKIT_TEST\")]/sampler[(@name=\"New Sampler 6\")][(@type=\"\")]/dataview[(@name=\"New Sampler 6\")]","Snoozed":false,"Severity":"UNDEFINED"}, {"XPath":"/geneos/gateway[(@name=\"GW_TEST_50144\")]/directory/probe[(@name=\"SYSMON\")]/managedEntity[(@name=\"TOOLKIT_TEST\")]/sampler[(@name=\"Toolkit\")][(@type=\"\")]/dataview[(@name=\"Toolkit\")]","Snoozed":false,"Severity":"OK"}, {"XPath":"/geneos/gateway[(@name=\"GW_TEST_50144\")]/directory/probe[(@name=\"SYSMON\")]/managedEntity[(@name=\"tttttttttttttttttteeeeeeeeeeeeeeeeeeeeeeeesssssssssssssssssssssssstttttttttttttttttttttttt\")]/sampler[(@name=\"CPU_sampler\")][(@type=\"\")]/dataview[(@name=\"CPU_sampler\")]","Snoozed":false,"Severity":"UNDEFINED"}, {"XPath":"/geneos/gateway[(@name=\"GW_TEST_50144\")]/directory/probe[(@name=\"SYSMON\")]/managedEntity[(@name=\"tttttttttttttttttteeeeeeeeeeeeeeeeeeeeeeeesssssssssssssssssssssssstttttttttttttttttttttttt\")]/sampler[(@name=\"FKM\")][(@type=\"\")]/dataview[(@name=\"FKM\")]","Snoozed":true,"Severity":"UNDEFINED"}, {"XPath":"/geneos/gateway[(@name=\"GW_TEST_50144\")]/directory/probe[(@name=\"SYSMON\")]/managedEntity[(@name=\"zzzzzzzzz\")]/sampler[(@name=\"Toolkit\")][(@type=\"\")]/dataview[(@name=\"Toolkit\")]","Snoozed":false,"Severity":"UNDEFINED"}]
15:04:20.338 [OpenAccessApiClient-UnknownDevBuild-akka.actor.default-dispatcher-2] INFO  akka.event.slf4j.Slf4jLogger - Slf4jLogger started
15:04:20.345 [OpenAccessApiClient-UnknownDevBuild-akka.actor.default-dispatcher-7] INFO  Remoting - Starting remoting
15:04:20.360 [OpenAccessApiClient-UnknownDevBuild-akka.actor.default-dispatcher-9] INFO  Remoting - Remoting started; listening on addresses :[akka.tcp://OpenAccessApiClient-UnknownDevBuild@192.168.10.128:12828]
15:04:20.364 [OpenAccessApiClient-UnknownDevBuild-akka.actor.default-dispatcher-8] INFO  c.itrsgroup.actor.MessageDispatcher - Attempting to connect to remote service at [192.168.220.54:2551] 1 time(s)
15:04:20.386 [OpenAccessApiClient-UnknownDevBuild-akka.actor.default-dispatcher-5] INFO  akka.contrib.pattern.ClusterClient - Connected to [akka.tcp://ClusterSystem@192.168.220.54:2551/user/receptionist]
15:04:20.394 [OpenAccessApiClient-UnknownDevBuild-akka.actor.default-dispatcher-5] INFO  c.itrsgroup.actor.MessageDispatcher - Authenticating with remote service [/user/frontEnd] at [192.168.220.54:2551]
15:04:20.498 [OpenAccessApiClient-UnknownDevBuild-akka.actor.default-dispatcher-5] INFO  c.itrsgroup.actor.MessageDispatcher - Successfully connected to remote service [akka.tcp://ClusterSystem@192.168.220.54:2551/user/frontEnd]
15:04:20.498 [OpenAccessApiClient-UnknownDevBuild-akka.actor.default-dispatcher-5] INFO  c.itrsgroup.actor.MessageDispatcher - Forwarding Subscription op to cluster frontend: Subscribe(ModelSub(/geneos/gateway[wild(@name,"*")]/directory/probe,Set(),LIST,),None)
15:04:20.568 [OpenAccessApiClient-UnknownDevBuild-akka.actor.default-dispatcher-6] INFO  c.itrsgroup.actor.MessageDispatcher - Forwarding Subscription op to cluster frontend: Subscribe(ModelSub(/geneos/gateway[(@name="GW_TEST_50144")]/directory/probe[(@name="SYSMON")]/managedEntity,Set(),LIST,),None)
15:04:20.722 [OpenAccessApiClient-UnknownDevBuild-akka.actor.default-dispatcher-9] INFO  c.itrsgroup.actor.MessageDispatcher - Forwarding Subscription op to cluster frontend: Subscribe(ModelSub(/geneos/gateway[(@name="GW_TEST_50144")]/directory/probe[(@name="WINSYSMON")]/managedEntity,Set(),LIST,),None)
15:04:20.870 [OpenAccessApiClient-UnknownDevBuild-akka.actor.default-dispatcher-4] INFO  c.itrsgroup.actor.MessageDispatcher - Forwarding Subscription op to cluster frontend: Subscribe(ModelSub(/geneos/gateway[(@name="GW_TEST_50144")]/directory/probe[(@name="First")]/managedEntity,Set(),LIST,),None)
15:04:21.072 [OpenAccessApiClient-UnknownDevBuild-akka.actor.default-dispatcher-7] INFO  c.itrsgroup.actor.MessageDispatcher - Forwarding Subscription op to cluster frontend: Subscribe(ModelSub(/geneos/gateway[(@name="GW_TEST_50144")]/directory/probe[(@name="New Virtual probe")]/managedEntity,Set(),LIST,),None)
15:04:22.074 [OpenAccessApiClient-UnknownDevBuild-akka.actor.default-dispatcher-17] INFO  c.itrsgroup.actor.MessageDispatcher - Forwarding Subscription op to cluster frontend: Subscribe(ModelSub(/geneos/gateway[(@name="GW_TEST_50144")]/directory/probe[(@name="SYSMON")]/managedEntity[(@name="Android")]/sampler,Set(),LIST,),None)
15:04:22.226 [OpenAccessApiClient-UnknownDevBuild-akka.actor.default-dispatcher-2] INFO  c.itrsgroup.actor.MessageDispatcher - Forwarding Subscription op to cluster frontend: Subscribe(ModelSub(/geneos/gateway[(@name="GW_TEST_50144")]/directory/probe[(@name="SYSMON")]/managedEntity[(@name="CPU_Entity")]/sampler,Set(),LIST,),None)
15:04:22.379 [OpenAccessApiClient-UnknownDevBuild-akka.actor.default-dispatcher-4] INFO  c.itrsgroup.actor.MessageDispatcher - Forwarding Subscription op to cluster frontend: Subscribe(ModelSub(/geneos/gateway[(@name="GW_TEST_50144")]/directory/probe[(@name="SYSMON")]/managedEntity[(@name="Copy of New Managed entity")]/sampler,Set(),LIST,),None)
15:04:22.532 [OpenAccessApiClient-UnknownDevBuild-akka.actor.default-dispatcher-8] INFO  c.itrsgroup.actor.MessageDispatcher - Forwarding Subscription op to cluster frontend: Subscribe(ModelSub(/geneos/gateway[(@name="GW_TEST_50144")]/directory/probe[(@name="SYSMON")]/managedEntity[(@name="Copy of New Managed entity 1")]/sampler,Set(),LIST,),None)
15:04:22.732 [OpenAccessApiClient-UnknownDevBuild-akka.actor.default-dispatcher-8] INFO  c.itrsgroup.actor.MessageDispatcher - Forwarding Subscription op to cluster frontend: Subscribe(ModelSub(/geneos/gateway[(@name="GW_TEST_50144")]/directory/probe[(@name="SYSMON")]/managedEntity[(@name="Copy of New Managed entity 10")]/sampler,Set(),LIST,),None)
15:04:22.838 [OpenAccessApiClient-UnknownDevBuild-akka.actor.default-dispatcher-18] INFO  c.itrsgroup.actor.MessageDispatcher - Forwarding Subscription op to cluster frontend: Subscribe(ModelSub(/geneos/gateway[(@name="GW_TEST_50144")]/directory/probe[(@name="SYSMON")]/managedEntity[(@name="Copy of New Managed entity 11")]/sampler,Set(),LIST,),None)
15:04:23.036 [OpenAccessApiClient-UnknownDevBuild-akka.actor.default-dispatcher-5] INFO  c.itrsgroup.actor.MessageDispatcher - Forwarding Subscription op to cluster frontend: Subscribe(ModelSub(/geneos/gateway[(@name="GW_TEST_50144")]/directory/probe[(@name="SYSMON")]/managedEntity[(@name="Copy of New Managed entity 2")]/sampler,Set(),LIST,),None)
15:04:23.162 [OpenAccessApiClient-UnknownDevBuild-akka.actor.default-dispatcher-5] INFO  c.itrsgroup.actor.MessageDispatcher - Forwarding Subscription op to cluster frontend: Subscribe(ModelSub(/geneos/gateway[(@name="GW_TEST_50144")]/directory/probe[(@name="SYSMON")]/managedEntity[(@name="Copy of New Managed entity 3")]/sampler,Set(),LIST,),None)
15:04:23.341 [OpenAccessApiClient-UnknownDevBuild-akka.actor.default-dispatcher-8] INFO  c.itrsgroup.actor.MessageDispatcher - Forwarding Subscription op to cluster frontend: Subscribe(ModelSub(/geneos/gateway[(@name="GW_TEST_50144")]/directory/probe[(@name="SYSMON")]/managedEntity[(@name="Copy of New Managed entity 4")]/sampler,Set(),LIST,),None)
15:04:23.484 [OpenAccessApiClient-UnknownDevBuild-akka.actor.default-dispatcher-17] INFO  c.itrsgroup.actor.MessageDispatcher - Forwarding Subscription op to cluster frontend: Subscribe(ModelSub(/geneos/gateway[(@name="GW_TEST_50144")]/directory/probe[(@name="SYSMON")]/managedEntity[(@name="Copy of New Managed entity 5")]/sampler,Set(),LIST,),None)
15:04:23.593 [OpenAccessApiClient-UnknownDevBuild-akka.actor.default-dispatcher-3] INFO  c.itrsgroup.actor.MessageDispatcher - Forwarding Subscription op to cluster frontend: Subscribe(ModelSub(/geneos/gateway[(@name="GW_TEST_50144")]/directory/probe[(@name="SYSMON")]/managedEntity[(@name="Copy of New Managed entity 6")]/sampler,Set(),LIST,),None)
15:04:23.791 [OpenAccessApiClient-UnknownDevBuild-akka.actor.default-dispatcher-17] INFO  c.itrsgroup.actor.MessageDispatcher - Forwarding Subscription op to cluster frontend: Subscribe(ModelSub(/geneos/gateway[(@name="GW_TEST_50144")]/directory/probe[(@name="SYSMON")]/managedEntity[(@name="Copy of New Managed entity 7")]/sampler,Set(),LIST,),None)
15:04:23.899 [OpenAccessApiClient-UnknownDevBuild-akka.actor.default-dispatcher-4] INFO  c.itrsgroup.actor.MessageDispatcher - Forwarding Subscription op to cluster frontend: Subscribe(ModelSub(/geneos/gateway[(@name="GW_TEST_50144")]/directory/probe[(@name="SYSMON")]/managedEntity[(@name="Copy of New Managed entity 8")]/sampler,Set(),LIST,),None)
15:04:24.094 [OpenAccessApiClient-UnknownDevBuild-akka.actor.default-dispatcher-4] INFO  c.itrsgroup.actor.MessageDispatcher - Forwarding Subscription op to cluster frontend: Subscribe(ModelSub(/geneos/gateway[(@name="GW_TEST_50144")]/directory/probe[(@name="SYSMON")]/managedEntity[(@name="Copy of New Managed entity 9")]/sampler,Set(),LIST,),None)
15:04:24.201 [OpenAccessApiClient-UnknownDevBuild-akka.actor.default-dispatcher-17] INFO  c.itrsgroup.actor.MessageDispatcher - Forwarding Subscription op to cluster frontend: Subscribe(ModelSub(/geneos/gateway[(@name="GW_TEST_50144")]/directory/probe[(@name="SYSMON")]/managedEntity[(@name="FKM")]/sampler,Set(),LIST,),None)
15:04:24.379 [OpenAccessApiClient-UnknownDevBuild-akka.actor.default-dispatcher-17] INFO  c.itrsgroup.actor.MessageDispatcher - Forwarding Subscription op to cluster frontend: Subscribe(ModelSub(/geneos/gateway[(@name="GW_TEST_50144")]/directory/probe[(@name="SYSMON")]/managedEntity[(@name="HELLO")]/sampler,Set(),LIST,),None)
15:04:24.550 [OpenAccessApiClient-UnknownDevBuild-akka.actor.default-dispatcher-8] INFO  c.itrsgroup.actor.MessageDispatcher - Forwarding Subscription op to cluster frontend: Subscribe(ModelSub(/geneos/gateway[(@name="GW_TEST_50144")]/directory/probe[(@name="SYSMON")]/managedEntity[(@name="New Managed entity")]/sampler,Set(),LIST,),None)
15:04:24.654 [OpenAccessApiClient-UnknownDevBuild-akka.actor.default-dispatcher-18] INFO  c.itrsgroup.actor.MessageDispatcher - Forwarding Subscription op to cluster frontend: Subscribe(ModelSub(/geneos/gateway[(@name="GW_TEST_50144")]/directory/probe[(@name="SYSMON")]/managedEntity[(@name="THISISATEST")]/sampler,Set(),LIST,),None)
15:04:24.857 [OpenAccessApiClient-UnknownDevBuild-akka.actor.default-dispatcher-8] INFO  c.itrsgroup.actor.MessageDispatcher - Forwarding Subscription op to cluster frontend: Subscribe(ModelSub(/geneos/gateway[(@name="GW_TEST_50144")]/directory/probe[(@name="SYSMON")]/managedEntity[(@name="TOOLKIT_TEST")]/sampler,Set(),LIST,),None)
15:04:24.962 [OpenAccessApiClient-UnknownDevBuild-akka.actor.default-dispatcher-4] INFO  c.itrsgroup.actor.MessageDispatcher - Forwarding Subscription op to cluster frontend: Subscribe(ModelSub(/geneos/gateway[(@name="GW_TEST_50144")]/directory/probe[(@name="SYSMON")]/managedEntity[(@name="tttttttttttttttttteeeeeeeeeeeeeeeeeeeeeeeesssssssssssssssssssssssstttttttttttttttttttttttt")]/sampler,Set(),LIST,),None)
15:04:25.112 [OpenAccessApiClient-UnknownDevBuild-akka.actor.default-dispatcher-8] INFO  c.itrsgroup.actor.MessageDispatcher - Forwarding Subscription op to cluster frontend: Subscribe(ModelSub(/geneos/gateway[(@name="GW_TEST_50144")]/directory/probe[(@name="SYSMON")]/managedEntity[(@name="zzzzzzzzz")]/sampler,Set(),LIST,),None)
15:04:25.314 [OpenAccessApiClient-UnknownDevBuild-akka.actor.default-dispatcher-17] INFO  c.itrsgroup.actor.MessageDispatcher - Forwarding Subscription op to cluster frontend: Subscribe(ModelSub(/geneos/gateway[(@name="GW_TEST_50144")]/directory/probe[(@name="WINSYSMON")]/managedEntity[(@name="CPU_ENTITY")]/sampler,Set(),LIST,),None)
15:04:25.418 [OpenAccessApiClient-UnknownDevBuild-akka.actor.default-dispatcher-18] INFO  c.itrsgroup.actor.MessageDispatcher - Forwarding Subscription op to cluster frontend: Subscribe(ModelSub(/geneos/gateway[(@name="GW_TEST_50144")]/directory/probe[(@name="First")]/managedEntity[(@name="CPU Action test")]/sampler,Set(),LIST,),None)
15:04:25.569 [OpenAccessApiClient-UnknownDevBuild-akka.actor.default-dispatcher-9] INFO  c.itrsgroup.actor.MessageDispatcher - Forwarding Subscription op to cluster frontend: Subscribe(ModelSub(/geneos/gateway[(@name="GW_TEST_50144")]/directory/probe[(@name="SYSMON")]/managedEntity[(@name="Android")]/sampler[(@name="AppTest")][(@type="")]/dataview,Set(),LIST,),None)
15:04:25.770 [OpenAccessApiClient-UnknownDevBuild-akka.actor.default-dispatcher-5] INFO  c.itrsgroup.actor.MessageDispatcher - Forwarding Subscription op to cluster frontend: Subscribe(ModelSub(/geneos/gateway[(@name="GW_TEST_50144")]/directory/probe[(@name="SYSMON")]/managedEntity[(@name="CPU_Entity")]/sampler[(@name="CPU_sampler")][(@type="")]/dataview,Set(),LIST,),None)
15:04:25.887 [OpenAccessApiClient-UnknownDevBuild-akka.actor.default-dispatcher-5] INFO  c.itrsgroup.actor.MessageDispatcher - Forwarding Subscription op to cluster frontend: Subscribe(ModelSub(/geneos/gateway[(@name="GW_TEST_50144")]/directory/probe[(@name="SYSMON")]/managedEntity[(@name="CPU_Entity")]/sampler[(@name="New Sampler 3")][(@type="")]/dataview,Set(),LIST,),None)
15:04:26.888 [OpenAccessApiClient-UnknownDevBuild-akka.actor.default-dispatcher-5] INFO  c.itrsgroup.actor.MessageDispatcher - Forwarding Subscription op to cluster frontend: Subscribe(ModelSub(/geneos/gateway[(@name="GW_TEST_50144")]/directory/probe[(@name="SYSMON")]/managedEntity[(@name="CPU_Entity")]/sampler[(@name="new SQl tester")][(@type="")]/dataview,Set(),LIST,),None)
15:04:26.925 [OpenAccessApiClient-UnknownDevBuild-akka.actor.default-dispatcher-5] INFO  c.itrsgroup.actor.MessageDispatcher - Forwarding Subscription op to cluster frontend: Subscribe(ModelSub(/geneos/gateway[(@name="GW_TEST_50144")]/directory/probe[(@name="SYSMON")]/managedEntity[(@name="CPU_Entity")]/sampler[(@name="SQL gateway")][(@type="")]/dataview,Set(),LIST,),None)
15:04:27.128 [OpenAccessApiClient-UnknownDevBuild-akka.actor.default-dispatcher-19] INFO  c.itrsgroup.actor.MessageDispatcher - Forwarding Subscription op to cluster frontend: Subscribe(ModelSub(/geneos/gateway[(@name="GW_TEST_50144")]/directory/probe[(@name="SYSMON")]/managedEntity[(@name="CPU_Entity")]/sampler[(@name="TEST_LOG LOCAL1")][(@type="")]/dataview,Set(),LIST,),None)
15:04:27.251 [OpenAccessApiClient-UnknownDevBuild-akka.actor.default-dispatcher-19] INFO  c.itrsgroup.actor.MessageDispatcher - Forwarding Subscription op to cluster frontend: Subscribe(ModelSub(/geneos/gateway[(@name="GW_TEST_50144")]/directory/probe[(@name="SYSMON")]/managedEntity[(@name="CPU_Entity")]/sampler[(@name="New Sampler 2")][(@type="")]/dataview,Set(),LIST,),None)
15:04:27.441 [OpenAccessApiClient-UnknownDevBuild-akka.actor.default-dispatcher-17] INFO  c.itrsgroup.actor.MessageDispatcher - Forwarding Subscription op to cluster frontend: Subscribe(ModelSub(/geneos/gateway[(@name="GW_TEST_50144")]/directory/probe[(@name="SYSMON")]/managedEntity[(@name="CPU_Entity")]/sampler[(@name="New Sampler 9")][(@type="")]/dataview,Set(),LIST,),None)
15:04:27.848 [OpenAccessApiClient-UnknownDevBuild-akka.actor.default-dispatcher-9] INFO  c.itrsgroup.actor.MessageDispatcher - Forwarding Subscription op to cluster frontend: Subscribe(ModelSub(/geneos/gateway[(@name="GW_TEST_50144")]/directory/probe[(@name="SYSMON")]/managedEntity[(@name="CPU_Entity")]/sampler[(@name="Feed Monitoring_uat1")][(@type="")]/dataview,Set(),LIST,),None)
15:04:28.046 [OpenAccessApiClient-UnknownDevBuild-akka.actor.default-dispatcher-9] INFO  c.itrsgroup.actor.MessageDispatcher - Forwarding Subscription op to cluster frontend: Subscribe(ModelSub(/geneos/gateway[(@name="GW_TEST_50144")]/directory/probe[(@name="SYSMON")]/managedEntity[(@name="CPU_Entity")]/sampler[(@name="New Sampler 10")][(@type="")]/dataview,Set(),LIST,),None)
15:04:29.047 [OpenAccessApiClient-UnknownDevBuild-akka.actor.default-dispatcher-17] INFO  c.itrsgroup.actor.MessageDispatcher - Forwarding Subscription op to cluster frontend: Subscribe(ModelSub(/geneos/gateway[(@name="GW_TEST_50144")]/directory/probe[(@name="SYSMON")]/managedEntity[(@name="Copy of New Managed entity")]/sampler[(@name="CPU_sampler")][(@type="")]/dataview,Set(),LIST,),None)
15:04:29.223 [OpenAccessApiClient-UnknownDevBuild-akka.actor.default-dispatcher-17] INFO  c.itrsgroup.actor.MessageDispatcher - Forwarding Subscription op to cluster frontend: Subscribe(ModelSub(/geneos/gateway[(@name="GW_TEST_50144")]/directory/probe[(@name="SYSMON")]/managedEntity[(@name="Copy of New Managed entity 1")]/sampler[(@name="CPU_sampler")][(@type="")]/dataview,Set(),LIST,),None)
15:04:29.420 [OpenAccessApiClient-UnknownDevBuild-akka.actor.default-dispatcher-2] INFO  c.itrsgroup.actor.MessageDispatcher - Forwarding Subscription op to cluster frontend: Subscribe(ModelSub(/geneos/gateway[(@name="GW_TEST_50144")]/directory/probe[(@name="SYSMON")]/managedEntity[(@name="Copy of New Managed entity 10")]/sampler[(@name="CPU_sampler")][(@type="")]/dataview,Set(),LIST,),None)
15:04:29.538 [OpenAccessApiClient-UnknownDevBuild-akka.actor.default-dispatcher-4] INFO  c.itrsgroup.actor.MessageDispatcher - Forwarding Subscription op to cluster frontend: Subscribe(ModelSub(/geneos/gateway[(@name="GW_TEST_50144")]/directory/probe[(@name="SYSMON")]/managedEntity[(@name="Copy of New Managed entity 11")]/sampler[(@name="CPU_sampler")][(@type="")]/dataview,Set(),LIST,),None)
15:04:29.733 [OpenAccessApiClient-UnknownDevBuild-akka.actor.default-dispatcher-19] INFO  c.itrsgroup.actor.MessageDispatcher - Forwarding Subscription op to cluster frontend: Subscribe(ModelSub(/geneos/gateway[(@name="GW_TEST_50144")]/directory/probe[(@name="SYSMON")]/managedEntity[(@name="Copy of New Managed entity 2")]/sampler[(@name="CPU_sampler")][(@type="")]/dataview,Set(),LIST,),None)
15:04:29.852 [OpenAccessApiClient-UnknownDevBuild-akka.actor.default-dispatcher-19] INFO  c.itrsgroup.actor.MessageDispatcher - Forwarding Subscription op to cluster frontend: Subscribe(ModelSub(/geneos/gateway[(@name="GW_TEST_50144")]/directory/probe[(@name="SYSMON")]/managedEntity[(@name="Copy of New Managed entity 3")]/sampler[(@name="CPU_sampler")][(@type="")]/dataview,Set(),LIST,),None)
15:04:30.037 [OpenAccessApiClient-UnknownDevBuild-akka.actor.default-dispatcher-7] INFO  c.itrsgroup.actor.MessageDispatcher - Forwarding Subscription op to cluster frontend: Subscribe(ModelSub(/geneos/gateway[(@name="GW_TEST_50144")]/directory/probe[(@name="SYSMON")]/managedEntity[(@name="Copy of New Managed entity 4")]/sampler[(@name="CPU_sampler")][(@type="")]/dataview,Set(),LIST,),None)
15:04:30.161 [OpenAccessApiClient-UnknownDevBuild-akka.actor.default-dispatcher-7] INFO  c.itrsgroup.actor.MessageDispatcher - Forwarding Subscription op to cluster frontend: Subscribe(ModelSub(/geneos/gateway[(@name="GW_TEST_50144")]/directory/probe[(@name="SYSMON")]/managedEntity[(@name="Copy of New Managed entity 5")]/sampler[(@name="CPU_sampler")][(@type="")]/dataview,Set(),LIST,),None)
15:04:30.347 [OpenAccessApiClient-UnknownDevBuild-akka.actor.default-dispatcher-19] INFO  c.itrsgroup.actor.MessageDispatcher - Forwarding Subscription op to cluster frontend: Subscribe(ModelSub(/geneos/gateway[(@name="GW_TEST_50144")]/directory/probe[(@name="SYSMON")]/managedEntity[(@name="Copy of New Managed entity 6")]/sampler[(@name="CPU_sampler")][(@type="")]/dataview,Set(),LIST,),None)
15:04:30.445 [OpenAccessApiClient-UnknownDevBuild-akka.actor.default-dispatcher-6] INFO  c.itrsgroup.actor.MessageDispatcher - Forwarding Subscription op to cluster frontend: Subscribe(ModelSub(/geneos/gateway[(@name="GW_TEST_50144")]/directory/probe[(@name="SYSMON")]/managedEntity[(@name="Copy of New Managed entity 7")]/sampler[(@name="CPU_sampler")][(@type="")]/dataview,Set(),LIST,),None)
15:04:30.651 [OpenAccessApiClient-UnknownDevBuild-akka.actor.default-dispatcher-5] INFO  c.itrsgroup.actor.MessageDispatcher - Forwarding Subscription op to cluster frontend: Subscribe(ModelSub(/geneos/gateway[(@name="GW_TEST_50144")]/directory/probe[(@name="SYSMON")]/managedEntity[(@name="Copy of New Managed entity 8")]/sampler[(@name="CPU_sampler")][(@type="")]/dataview,Set(),LIST,),None)
15:04:30.776 [OpenAccessApiClient-UnknownDevBuild-akka.actor.default-dispatcher-22] INFO  c.itrsgroup.actor.MessageDispatcher - Forwarding Subscription op to cluster frontend: Subscribe(ModelSub(/geneos/gateway[(@name="GW_TEST_50144")]/directory/probe[(@name="SYSMON")]/managedEntity[(@name="Copy of New Managed entity 9")]/sampler[(@name="CPU_sampler")][(@type="")]/dataview,Set(),LIST,),None)
15:04:31.259 [OpenAccessApiClient-UnknownDevBuild-akka.actor.default-dispatcher-19] INFO  c.itrsgroup.actor.MessageDispatcher - Forwarding Subscription op to cluster frontend: Subscribe(ModelSub(/geneos/gateway[(@name="GW_TEST_50144")]/directory/probe[(@name="SYSMON")]/managedEntity[(@name="FKM")]/sampler[(@name="FKM")][(@type="")]/dataview,Set(),LIST,),None)
15:04:31.375 [OpenAccessApiClient-UnknownDevBuild-akka.actor.default-dispatcher-17] INFO  c.itrsgroup.actor.MessageDispatcher - Forwarding Subscription op to cluster frontend: Subscribe(ModelSub(/geneos/gateway[(@name="GW_TEST_50144")]/directory/probe[(@name="SYSMON")]/managedEntity[(@name="FKM")]/sampler[(@name="FTM Test")][(@type="")]/dataview,Set(),LIST,),None)
15:04:31.564 [OpenAccessApiClient-UnknownDevBuild-akka.actor.default-dispatcher-9] INFO  c.itrsgroup.actor.MessageDispatcher - Forwarding Subscription op to cluster frontend: Subscribe(ModelSub(/geneos/gateway[(@name="GW_TEST_50144")]/directory/probe[(@name="SYSMON")]/managedEntity[(@name="HELLO")]/sampler[(@name="FKM")][(@type="")]/dataview,Set(),LIST,),None)
15:04:31.691 [OpenAccessApiClient-UnknownDevBuild-akka.actor.default-dispatcher-23] INFO  c.itrsgroup.actor.MessageDispatcher - Forwarding Subscription op to cluster frontend: Subscribe(ModelSub(/geneos/gateway[(@name="GW_TEST_50144")]/directory/probe[(@name="SYSMON")]/managedEntity[(@name="HELLO")]/sampler[(@name="Cluster Monitoring Sampler")][(@type="")]/dataview,Set(),LIST,),None)
15:04:31.820 [OpenAccessApiClient-UnknownDevBuild-akka.actor.default-dispatcher-23] INFO  c.itrsgroup.actor.MessageDispatcher - Forwarding Subscription op to cluster frontend: Subscribe(ModelSub(/geneos/gateway[(@name="GW_TEST_50144")]/directory/probe[(@name="SYSMON")]/managedEntity[(@name="HELLO")]/sampler[(@name="New Sampler 1")][(@type="")]/dataview,Set(),LIST,),None)
15:04:31.972 [OpenAccessApiClient-UnknownDevBuild-akka.actor.default-dispatcher-23] INFO  c.itrsgroup.actor.MessageDispatcher - Forwarding Subscription op to cluster frontend: Subscribe(ModelSub(/geneos/gateway[(@name="GW_TEST_50144")]/directory/probe[(@name="SYSMON")]/managedEntity[(@name="HELLO")]/sampler[(@name="new SQl tester")][(@type="")]/dataview,Set(),LIST,),None)
15:04:32.175 [OpenAccessApiClient-UnknownDevBuild-akka.actor.default-dispatcher-23] INFO  c.itrsgroup.actor.MessageDispatcher - Forwarding Subscription op to cluster frontend: Subscribe(ModelSub(/geneos/gateway[(@name="GW_TEST_50144")]/directory/probe[(@name="SYSMON")]/managedEntity[(@name="New Managed entity")]/sampler[(@name="CPU_sampler")][(@type="")]/dataview,Set(),LIST,),None)
15:04:32.276 [OpenAccessApiClient-UnknownDevBuild-akka.actor.default-dispatcher-20] INFO  c.itrsgroup.actor.MessageDispatcher - Forwarding Subscription op to cluster frontend: Subscribe(ModelSub(/geneos/gateway[(@name="GW_TEST_50144")]/directory/probe[(@name="SYSMON")]/managedEntity[(@name="THISISATEST")]/sampler[(@name="FTM Test")][(@type="")]/dataview,Set(),LIST,),None)
15:04:32.439 [OpenAccessApiClient-UnknownDevBuild-akka.actor.default-dispatcher-23] INFO  c.itrsgroup.actor.MessageDispatcher - Forwarding Subscription op to cluster frontend: Subscribe(ModelSub(/geneos/gateway[(@name="GW_TEST_50144")]/directory/probe[(@name="SYSMON")]/managedEntity[(@name="TOOLKIT_TEST")]/sampler[(@name="Toolkit")][(@type="")]/dataview,Set(),LIST,),None)
15:04:32.623 [OpenAccessApiClient-UnknownDevBuild-akka.actor.default-dispatcher-19] INFO  c.itrsgroup.actor.MessageDispatcher - Forwarding Subscription op to cluster frontend: Subscribe(ModelSub(/geneos/gateway[(@name="GW_TEST_50144")]/directory/probe[(@name="SYSMON")]/managedEntity[(@name="TOOLKIT_TEST")]/sampler[(@name="ICE MYSQL")][(@type="")]/dataview,Set(),LIST,),None)
15:04:32.750 [OpenAccessApiClient-UnknownDevBuild-akka.actor.default-dispatcher-7] INFO  c.itrsgroup.actor.MessageDispatcher - Forwarding Subscription op to cluster frontend: Subscribe(ModelSub(/geneos/gateway[(@name="GW_TEST_50144")]/directory/probe[(@name="SYSMON")]/managedEntity[(@name="TOOLKIT_TEST")]/sampler[(@name="TEST ICE")][(@type="")]/dataview,Set(),LIST,),None)
15:04:32.930 [OpenAccessApiClient-UnknownDevBuild-akka.actor.default-dispatcher-19] INFO  c.itrsgroup.actor.MessageDispatcher - Forwarding Subscription op to cluster frontend: Subscribe(ModelSub(/geneos/gateway[(@name="GW_TEST_50144")]/directory/probe[(@name="SYSMON")]/managedEntity[(@name="TOOLKIT_TEST")]/sampler[(@name="TestSQL")][(@type="")]/dataview,Set(),LIST,),None)
15:04:33.026 [OpenAccessApiClient-UnknownDevBuild-akka.actor.default-dispatcher-19] INFO  c.itrsgroup.actor.MessageDispatcher - Forwarding Subscription op to cluster frontend: Subscribe(ModelSub(/geneos/gateway[(@name="GW_TEST_50144")]/directory/probe[(@name="SYSMON")]/managedEntity[(@name="TOOLKIT_TEST")]/sampler[(@name="New Sampler 6")][(@type="")]/dataview,Set(),LIST,),None)
15:04:33.231 [OpenAccessApiClient-UnknownDevBuild-akka.actor.default-dispatcher-9] INFO  c.itrsgroup.actor.MessageDispatcher - Forwarding Subscription op to cluster frontend: Subscribe(ModelSub(/geneos/gateway[(@name="GW_TEST_50144")]/directory/probe[(@name="SYSMON")]/managedEntity[(@name="TOOLKIT_TEST")]/sampler[(@name="ME VS APPa")][(@type="")]/dataview,Set(),LIST,),None)
15:04:33.353 [OpenAccessApiClient-UnknownDevBuild-akka.actor.default-dispatcher-17] INFO  c.itrsgroup.actor.MessageDispatcher - Forwarding Subscription op to cluster frontend: Subscribe(ModelSub(/geneos/gateway[(@name="GW_TEST_50144")]/directory/probe[(@name="SYSMON")]/managedEntity[(@name="tttttttttttttttttteeeeeeeeeeeeeeeeeeeeeeeesssssssssssssssssssssssstttttttttttttttttttttttt")]/sampler[(@name="CPU")][(@type="")]/dataview,Set(),LIST,),None)
15:04:34.354 [OpenAccessApiClient-UnknownDevBuild-akka.actor.default-dispatcher-19] INFO  c.itrsgroup.actor.MessageDispatcher - Forwarding Subscription op to cluster frontend: Subscribe(ModelSub(/geneos/gateway[(@name="GW_TEST_50144")]/directory/probe[(@name="SYSMON")]/managedEntity[(@name="tttttttttttttttttteeeeeeeeeeeeeeeeeeeeeeeesssssssssssssssssssssssstttttttttttttttttttttttt")]/sampler[(@name="CPU_sampler")][(@type="")]/dataview,Set(),LIST,),None)
15:04:34.426 [OpenAccessApiClient-UnknownDevBuild-akka.actor.default-dispatcher-2] INFO  c.itrsgroup.actor.MessageDispatcher - Forwarding Subscription op to cluster frontend: Subscribe(ModelSub(/geneos/gateway[(@name="GW_TEST_50144")]/directory/probe[(@name="SYSMON")]/managedEntity[(@name="tttttttttttttttttteeeeeeeeeeeeeeeeeeeeeeeesssssssssssssssssssssssstttttttttttttttttttttttt")]/sampler[(@name="FKM")][(@type="")]/dataview,Set(),LIST,),None)
15:04:34.544 [OpenAccessApiClient-UnknownDevBuild-akka.actor.default-dispatcher-9] INFO  c.itrsgroup.actor.MessageDispatcher - Forwarding Subscription op to cluster frontend: Subscribe(ModelSub(/geneos/gateway[(@name="GW_TEST_50144")]/directory/probe[(@name="SYSMON")]/managedEntity[(@name="zzzzzzzzz")]/sampler[(@name="CPU")][(@type="")]/dataview,Set(),LIST,),None)
15:04:35.545 [OpenAccessApiClient-UnknownDevBuild-akka.actor.default-dispatcher-2] INFO  c.itrsgroup.actor.MessageDispatcher - Forwarding Subscription op to cluster frontend: Subscribe(ModelSub(/geneos/gateway[(@name="GW_TEST_50144")]/directory/probe[(@name="SYSMON")]/managedEntity[(@name="zzzzzzzzz")]/sampler[(@name="Toolkit")][(@type="")]/dataview,Set(),LIST,),None)
[...]
/directory/probe[(@name="SYSMON")]/managedEntity[(@name="HELLO")]/sampler[(@name="new SQl tester")][(@type="")]/dataview[(@name="cpuAgain")], /geneos/gateway[(@name="GW_TEST_50144")]/directory/probe[(@name="SYSMON")]/managedEntity[(@name="New Managed entity")]/sampler[(@name="CPU_sampler")][(@type="")]/dataview[(@name="CPU_sampler")], /geneos/gateway[(@name="GW_TEST_50144")]/directory/probe[(@name="SYSMON")]/managedEntity[(@name="THISISATEST")]/sampler[(@name="FTM Test")][(@type="")]/dataview[(@name="FTM Test")], /geneos/gateway[(@name="GW_TEST_50144")]/directory/probe[(@name="SYSMON")]/managedEntity[(@name="TOOLKIT_TEST")]/sampler[(@name="Toolkit")][(@type="")]/dataview[(@name="Toolkit")], /geneos/gateway[(@name="GW_TEST_50144")]/directory/probe[(@name="SYSMON")]/managedEntity[(@name="TOOLKIT_TEST")]/sampler[(@name="ICE MYSQL")][(@type="")]/dataview[(@name="ICE RECENT")], /geneos/gateway[(@name="GW_TEST_50144")]/directory/probe[(@name="SYSMON")]/managedEntity[(@name="TOOLKIT_TEST")]/sampler[(@name="TEST ICE")][(@type="")]/dataview[(@name="ICE RECENT")], /geneos/gateway[(@name="GW_TEST_50144")]/directory/probe[(@name="SYSMON")]/managedEntity[(@name="TOOLKIT_TEST")]/sampler[(@name="TestSQL")][(@type="")]/dataview[(@name="Everything")], /geneos/gateway[(@name="GW_TEST_50144")]/directory/probe[(@name="SYSMON")]/managedEntity[(@name="TOOLKIT_TEST")]/sampler[(@name="New Sampler 6")][(@type="")]/dataview[(@name="New Sampler 6")], /geneos/gateway[(@name="GW_TEST_50144")]/directory/probe[(@name="SYSMON")]/managedEntity[(@name="TOOLKIT_TEST")]/sampler[(@name="ME VS APPa")][(@type="")]/dataview[(@name="ME VS APP")], /geneos/gateway[(@name="GW_TEST_50144")]/directory/probe[(@name="SYSMON")]/managedEntity[(@name="tttttttttttttttttteeeeeeeeeeeeeeeeeeeeeeeesssssssssssssssssssssssstttttttttttttttttttttttt")]/sampler[(@name="CPU_sampler")][(@type="")]/dataview[(@name="CPU_sampler")], /geneos/gateway[(@name="GW_TEST_50144")]/directory/probe[(@name="SYSMON")]/managedEntity[(@name="tttttttttttttttttteeeeeeeeeeeeeeeeeeeeeeeesssssssssssssssssssssssstttttttttttttttttttttttt")]/sampler[(@name="FKM")][(@type="")]/dataview[(@name="FKM")], /geneos/gateway[(@name="GW_TEST_50144")]/directory/probe[(@name="SYSMON")]/managedEntity[(@name="zzzzzzzzz")]/sampler[(@name="Toolkit")][(@type="")]/dataview[(@name="Toolkit")], /geneos/gateway[(@name="GW_TEST_50144")]/directory/probe[(@name="WINSYSMON")]/managedEntity[(@name="CPU_ENTITY")]/sampler[(@name="CPU_sampler")][(@type="")]/dataview[(@name="CPU_sampler")], /geneos/gateway[(@name="GW_TEST_50144")]/directory/probe[(@name="WINSYSMON")]/managedEntity[(@name="CPU_ENTITY")]/sampler[(@name="Toolkit2")][(@type="")]/dataview[(@name="Instances")], /geneos/gateway[(@name="GW_TEST_50144")]/directory/probe[(@name="WINSYSMON")]/managedEntity[(@name="CPU_ENTITY")]/sampler[(@name="Toolkit2")][(@type="")]/dataview[(@name="Percentage use")], /geneos/gateway[(@name="GW_TEST_50144")]/directory/probe[(@name="WINSYSMON")]/managedEntity[(@name="CPU_ENTITY")]/sampler[(@name="TestSQL")][(@type="")]/dataview[(@name="Everything")], /geneos/gateway[(@name="GW_TEST_50144")]/directory/probe[(@name="WINSYSMON")]/managedEntity[(@name="CPU_ENTITY")]/sampler[(@name="Trigger sample")][(@type="")]/dataview[(@name="Triggered")], /geneos/gateway[(@name="GW_TEST_50144")]/directory/probe[(@name="WINSYSMON")]/managedEntity[(@name="CPU_ENTITY")]/sampler[(@name="Timestamp sql")][(@type="")]/dataview[(@name="timediff")], /geneos/gateway[(@name="GW_TEST_50144")]/directory/probe[(@name="WINSYSMON")]/managedEntity[(@name="CPU_ENTITY")]/sampler[(@name="eventlog")][(@type="")]/dataview[(@name="eventlog")], /geneos/gateway[(@name="GW_TEST_50144")]/directory/probe[(@name="WINSYSMON")]/managedEntity[(@name="CPU_ENTITY")]/sampler[(@name="Win Services")][(@type="")]/dataview[(@name="Win Services")], /geneos/gateway[(@name="GW_TEST_50144")]/directory/probe[(@name="WINSYSMON")]/managedEntity[(@name="CPU_ENTITY")]/sampler[(@name="proc")][(@type="")]/dataview[(@name="proc")], /geneos/gateway[(@name="GW_TEST_50144")]/directory/probe[(@name="WINSYSMON")]/managedEntity[(@name="CPU_ENTITY")]/sampler[(@name="New Sampler 5")][(@type="")]/dataview[(@name="New Sampler 5")], /geneos/gateway[(@name="GW_TEST_50144")]/directory/probe[(@name="WINSYSMON")]/managedEntity[(@name="CPU_ENTITY")]/sampler[(@name="New Sampler 2")][(@type="")]/dataview[(@name="New Sampler 2")], /geneos/gateway[(@name="GW_TEST_50144")]/directory/probe[(@name="WINSYSMON")]/managedEntity[(@name="CPU_ENTITY")]/sampler[(@name="New Sampler 11")][(@type="")]/dataview[(@name="New Sampler 11")], /geneos/gateway[(@name="GW_TEST_50144")]/directory/probe[(@name="WINSYSMON")]/managedEntity[(@name="CPU_ENTITY")]/sampler[(@name="New Sampler 12")][(@type="")]/dataview[(@name="New Sampler 12")]] 
With a length of 10684
Mar 15, 2016 3:04:20 PM org.jboss.netty.channel.DefaultChannelPipeline
WARNING: An exception was thrown by an exception handler.
java.util.concurrent.RejectedExecutionException: Worker has already been shutdown
	at org.jboss.netty.channel.socket.nio.AbstractNioSelector.registerTask(AbstractNioSelector.java:120)
	at org.jboss.netty.channel.socket.nio.AbstractNioWorker.executeInIoThread(AbstractNioWorker.java:72)
	at org.jboss.netty.channel.socket.nio.NioWorker.executeInIoThread(NioWorker.java:36)
	at org.jboss.netty.channel.socket.nio.AbstractNioWorker.executeInIoThread(AbstractNioWorker.java:56)
	at org.jboss.netty.channel.socket.nio.NioWorker.executeInIoThread(NioWorker.java:36)
	at org.jboss.netty.channel.socket.nio.AbstractNioChannelSink.execute(AbstractNioChannelSink.java:34)
	at org.jboss.netty.channel.Channels.fireExceptionCaughtLater(Channels.java:496)
	at org.jboss.netty.channel.AbstractChannelSink.exceptionCaught(AbstractChannelSink.java:46)
	at org.jboss.netty.handler.codec.oneone.OneToOneEncoder.handleDownstream(OneToOneEncoder.java:54)
	at org.jboss.netty.channel.Channels.disconnect(Channels.java:781)
	at org.jboss.netty.channel.AbstractChannel.disconnect(AbstractChannel.java:211)
	at akka.remote.transport.netty.NettyTransport$$anonfun$gracefulClose$1.apply(NettyTransport.scala:223)
	at akka.remote.transport.netty.NettyTransport$$anonfun$gracefulClose$1.apply(NettyTransport.scala:222)
	at scala.util.Success.foreach(Try.scala:235)
	at scala.concurrent.Future$$anonfun$foreach$1.apply(Future.scala:204)
	at scala.concurrent.Future$$anonfun$foreach$1.apply(Future.scala:204)
	at scala.concurrent.impl.CallbackRunnable.run(Promise.scala:32)
	at akka.dispatch.BatchingExecutor$Batch$$anonfun$run$1.processBatch$1(BatchingExecutor.scala:67)
	at akka.dispatch.BatchingExecutor$Batch$$anonfun$run$1.apply$mcV$sp(BatchingExecutor.scala:82)
	at akka.dispatch.BatchingExecutor$Batch$$anonfun$run$1.apply(BatchingExecutor.scala:59)
	at akka.dispatch.BatchingExecutor$Batch$$anonfun$run$1.apply(BatchingExecutor.scala:59)
	at scala.concurrent.BlockContext$.withBlockContext(BlockContext.scala:72)
	at akka.dispatch.BatchingExecutor$Batch.run(BatchingExecutor.scala:58)
	at akka.dispatch.TaskInvocation.run(AbstractDispatcher.scala:41)
	at akka.dispatch.ForkJoinExecutorConfigurator$AkkaForkJoinTask.exec(AbstractDispatcher.scala:401)
	at scala.concurrent.forkjoin.ForkJoinTask.doExec(ForkJoinTask.java:260)
	at scala.concurrent.forkjoin.ForkJoinPool$WorkQueue.runTask(ForkJoinPool.java:1339)
	at scala.concurrent.forkjoin.ForkJoinPool.runWorker(ForkJoinPool.java:1979)
	at scala.concurrent.forkjoin.ForkJoinWorkerThread.run(ForkJoinWorkerThread.java:107)

Mar 15, 2016 3:04:20 PM geneos_notification.loggers.LogObject doLog
INFO: [DVLIST UPDATE]Dataview list was successfully updated.
Mar 15, 2016 3:04:20 PM geneos_notification.loggers.LogObject doLog
INFO: Login attempt with username : testb5@Default
Mar 15, 2016 3:04:20 PM geneos_notification.loggers.LogObject doLog
INFO: [SQL]Checking user : testb5@Default & testb5
Mar 15, 2016 3:04:20 PM geneos_notification.loggers.LogObject doLog
INFO: [SQL]Device testb5 logged in successfully
Mar 15, 2016 3:04:20 PM geneos_notification.loggers.LogObject doLog
INFO: [SQL]Device testb5 key has been updated
Mar 15, 2016 3:04:20 PM geneos_notification.loggers.LogObject doLog
INFO: Initial log on for testb5@Default with device testb5
Mar 15, 2016 3:04:20 PM geneos_notification.loggers.LogObject doLog
INFO: [SQL]Device testb5 logged out successfully
Mar 15, 2016 3:04:20 PM geneos_notification.loggers.LogObject doLog
INFO: The status of the device check fortestb5@Default is :1
Mar 15, 2016 3:04:20 PM geneos_notification.loggers.LogObject doLog
INFO: testb5@Default has been successfully logged out.
Mar 15, 2016 3:04:20 PM geneos_notification.loggers.LogObject doLog
INFO: Veritication email sent for devioce : test35
Mar 15, 2016 3:04:20 PM geneos_notification.loggers.LogObject doLog
INFO: [DVLIST UPDATE]Gateway setup alteration detected (Hooks), Dataview List is updating
Mar 15, 2016 3:04:38 PM geneos_notification.loggers.LogObject doLog
INFO: [DT-INFO]Collected Dataviews : [/geneos/gateway[(@name="GW_TEST_50144")]/directory/probe[(@name="SYSMON")]/managedEntity[(@name="Android")]/sampler[(@name="AppTest")][(@type="")]/dataview[(@name="AppTest")], /geneos/gateway[(@name="GW_TEST_50144")]/directory/probe[(@name="SYSMON")]/managedEntity[(@name="CPU_Entity")]/sampler[(@name="CPU_sampler")][(@type="")]/dataview[(@name="CPU_sampler")], /geneos/gateway[(@name="GW_TEST_50144")]/directory/probe[(@name="SYSMON")]/managedEntity[(@name="CPU_Entity")]/sampler[(@name="new SQl tester")][(@type="")]/dataview[(@name="cpu")], /geneos/gateway[(@name="GW_TEST_50144")]/directory/probe[(@name="SYSMON")]/managedEntity[(@name="CPU_Entity")]/sampler[(@name="new SQl tester")][(@type="")]/dataview[(@name="cpuAgain")], /geneos/gateway[(@name="GW_TEST_50144")]/directory/probe[(@name="SYSMON")]/managedEntity[(@name="CPU_Entity")]/sampler[(@name="SQL gateway")][(@type="")]/dataview[(@name="V1")], /geneos/gateway[(@name="GW_TEST_50144")]/directory/probe[(@name="SYSMON")]/managedEntity[(@name="CPU_Entity")]/sampler[(@name="TEST_LOG LOCAL1")][(@type="")]/dataview[(@name="TEST_LOG LOCAL1")], /geneos/gateway[(@name="GW_TEST_50144")]/directory/probe[(@name="SYSMON")]/managedEntity[(@name="CPU_Entity")]/sampler[(@name="New Sampler 2")][(@type="")]/dataview[(@name="New Sampler 2")], /geneos/gateway[(@name="GW_TEST_50144")]/directory/probe[(@name="SYSMON")]/managedEntity[(@name="CPU_Entity")]/sampler[(@name="New Sampler 9")][(@type="")]/dataview[(@name="New Sampler 9")], /geneos/gateway[(@name="GW_TEST_50144")]/directory/probe[(@name="SYSMON")]/managedEntity[(@name="CPU_Entity")]/sampler[(@name="Feed Monitoring_uat1")][(@type="")]/dataview[(@name="Feed Monitoring_uat1")], /geneos/gateway[(@name="GW_TEST_50144")]/directory/probe[(@name="SYSMON")]/managedEntity[(@name="Copy of New Managed entity")]/sampler[(@name="CPU_sampler")][(@type="")]/dataview[(@name="CPU_sampler")], /geneos/gateway[(@name="GW_TEST_50144")]/directory/probe[(@name="SYSMON")]/managedEntity[(@name="Copy of New Managed entity 1")]/sampler[(@name="CPU_sampler")][(@type="")]/dataview[(@name="CPU_sampler")], /geneos/gateway[(@name="GW_TEST_50144")]/directory/probe[(@name="SYSMON")]/managedEntity[(@name="Copy of New Managed entity 10")]/sampler[(@name="CPU_sampler")][(@type="")]/dataview[(@name="CPU_sampler")], /geneos/gateway[(@name="GW_TEST_50144")]/directory/probe[(@name="SYSMON")]/managedEntity[(@name="Copy of New Managed entity 11")]/sampler[(@name="CPU_sampler")][(@type="")]/dataview[(@name="CPU_sampler")], /geneos/gateway[(@name="GW_TEST_50144")]/directory/probe[(@name="SYSMON")]/managedEntity[(@name="Copy of New Managed entity 2")]/sampler[(@name="CPU_sampler")][(@type="")]/dataview[(@name="CPU_sampler")], /geneos/gateway[(@name="GW_TEST_50144")]/directory/probe[(@name="SYSMON")]/managedEntity[(@name="Copy of New Managed entity 3")]/sampler[(@name="CPU_sampler")][(@type="")]/dataview[(@name="CPU_sampler")], /geneos/gateway[(@name="GW_TEST_50144")]/directory/probe[(@name="SYSMON")]/managedEntity[(@name="Copy of New Managed entity 4")]/sampler[(@name="CPU_sampler")][(@type="")]/dataview[(@name="CPU_sampler")], /geneos/gateway[(@name="GW_TEST_50144")]/directory/probe[(@name="SYSMON")]/managedEntity[(@name="Copy of New Managed entity 5")]/sampler[(@name="CPU_sampler")][(@type="")]/dataview[(@name="CPU_sampler")], /geneos/gateway[(@name="GW_TEST_50144")]/directory/probe[(@name="SYSMON")]/managedEntity[(@name="Copy of New Managed entity 6")]/sampler[(@name="CPU_sampler")][(@type="")]/dataview[(@name="CPU_sampler")], /geneos/gateway[(@name="GW_TEST_50144")]/directory/probe[(@name="SYSMON")]/managedEntity[(@name="Copy of New Managed entity 7")]/sampler[(@name="CPU_sampler")][(@type="")]/dataview[(@name="CPU_sampler")], /geneos/gateway[(@name="GW_TEST_50144")]/directory/probe[(@name="SYSMON")]/managedEntity[(@name="Copy of New Managed entity 8")]/sampler[(@name="CPU_sampler")][(@type="")]/dataview[(@name="CPU_sampler")], /geneos/gateway[(@name="GW_TEST_50144")]/directory/probe[(@name="SYSMON")]/managedEntity[(@name="Copy of New Managed entity 9")]/sampler[(@name="CPU_sampler")][(@type="")]/dataview[(@name="CPU_sampler")], /geneos/gateway[(@name="GW_TEST_50144")]/directory/probe[(@name="SYSMON")]/managedEntity[(@name="FKM")]/sampler[(@name="FKM")][(@type="")]/dataview[(@name="FKM")], /geneos/gateway[(@name="GW_TEST_50144")]/directory/probe[(@name="SYSMON")]/managedEntity[(@name="FKM")]/sampler[(@name="FTM Test")][(@type="")]/dataview[(@name="FTM Test")], /geneos/gateway[(@name="GW_TEST_50144")]/directory/probe[(@name="SYSMON")]/managedEntity[(@name="HELLO")]/sampler[(@name="FKM")][(@type="")]/dataview[(@name="FKM")], /geneos/gateway[(@name="GW_TEST_50144")]/directory/probe[(@name="SYSMON")]/managedEntity[(@name="HELLO")]/sampler[(@name="Cluster Monitoring Sampler")][(@type="")]/dataview[(@name="Diagnostics")], /geneos/gateway[(@name="GW_TEST_50144")]/directory/probe[(@name="SYSMON")]/managedEntity[(@name="HELLO")]/sampler[(@name="Cluster Monitoring Sampler")][(@type="")]/dataview[(@name="192-168-220-54-2551-clusterNodes")], /geneos/gateway[(@name="GW_TEST_50144")]/directory/probe[(@name="SYSMON")]/managedEntity[(@name="HELLO")]/sampler[(@name="Cluster Monitoring Sampler")][(@type="")]/dataview[(@name="192-168-220-54-2551-gateways")], /geneos/gateway[(@name="GW_TEST_50144")]/directory/probe[(@name="SYSMON")]/managedEntity[(@name="HELLO")]/sampler[(@name="Cluster Monitoring Sampler")][(@type="")]/dataview[(@name="192-168-220-54-2551-clients")], /geneos/gateway[(@name="GW_TEST_50144")]/directory/probe[(@name="SYSMON")]/managedEntity[(@name="HELLO")]/sampler[(@name="New Sampler 1")][(@type="")]/dataview[(@name="test")], /geneos/gateway[(@name="GW_TEST_50144")]/directory/probe[(@name="SYSMON")]/managedEntity[(@name="HELLO")]/sampler[(@name="new SQl tester")][(@type="")]/dataview[(@name="cpu")], /geneos/gateway[(@name="GW_TEST_50144")]/directory/probe[(@name="SYSMON")]/managedEntity[(@name="HELLO")]/sampler[(@name="new SQl tester")][(@type="")]/dataview[(@name="cpuAgain")], /geneos/gateway[(@name="GW_TEST_50144")]/directory/probe[(@name="SYSMON")]/managedEntity[(@name="New Managed entity")]/sampler[(@name="CPU_sampler")][(@type="")]/dataview[(@name="CPU_sampler")], /geneos/gateway[(@name="GW_TEST_50144")]/directory/probe[(@name="SYSMON")]/managedEntity[(@name="THISISATEST")]/sampler[(@name="FTM Test")][(@type="")]/dataview[(@name="FTM Test")], /geneos/gateway[(@name="GW_TEST_50144")]/directory/probe[(@name="SYSMON")]/managedEntity[(@name="TOOLKIT_TEST")]/sampler[(@name="Toolkit")][(@type="")]/dataview[(@name="Toolkit")], /geneos/gateway[(@name="GW_TEST_50144")]/directory/probe[(@name="SYSMON")]/managedEntity[(@name="TOOLKIT_TEST")]/sampler[(@name="ICE MYSQL")][(@type="")]/dataview[(@name="ICE RECENT")], /geneos/gateway[(@name="GW_TEST_50144")]/directory/probe[(@name="SYSMON")]/managedEntity[(@name="TOOLKIT_TEST")]/sampler[(@name="TEST ICE")][(@type="")]/dataview[(@name="ICE RECENT")], /geneos/gateway[(@name="GW_TEST_50144")]/directory/probe[(@name="SYSMON")]/managedEntity[(@name="TOOLKIT_TEST")]/sampler[(@name="TestSQL")][(@type="")]/dataview[(@name="Everything")], /geneos/gateway[(@name="GW_TEST_50144")]/directory/probe[(@name="SYSMON")]/managedEntity[(@name="TOOLKIT_TEST")]/sampler[(@name="New Sampler 6")][(@type="")]/dataview[(@name="New Sampler 6")], /geneos/gateway[(@name="GW_TEST_50144")]/directory/probe[(@name="SYSMON")]/managedEntity[(@name="TOOLKIT_TEST")]/sampler[(@name="ME VS APPa")][(@type="")]/dataview[(@name="ME VS APP")], /geneos/gateway[(@name="GW_TEST_50144")]/directory/probe[(@name="SYSMON")]/managedEntity[(@name="tttttttttttttttttteeeeeeeeeeeeeeeeeeeeeeeesssssssssssssssssssssssstttttttttttttttttttttttt")]/sampler[(@name="CPU_sampler")][(@type="")]/dataview[(@name="CPU_sampler")], /geneos/gateway[(@name="GW_TEST_50144")]/directory/probe[(@name="SYSMON")]/managedEntity[(@name="tttttttttttttttttteeeeeeeeeeeeeeeeeeeeeeeesssssssssssssssssssssssstttttttttttttttttttttttt")]/sampler[(@name="FKM")][(@type="")]/dataview[(@name="FKM")], /geneos/gateway[(@name="GW_TEST_50144")]/directory/probe[(@name="SYSMON")]/managedEntity[(@name="zzzzzzzzz")]/sampler[(@name="Toolkit")][(@type="")]/dataview[(@name="Toolkit")], /geneos/gateway[(@name="GW_TEST_50144")]/directory/probe[(@name="WINSYSMON")]/managedEntity[(@name="CPU_ENTITY")]/sampler[(@name="CPU_sampler")][(@type="")]/dataview[(@name="CPU_sampler")], /geneos/gateway[(@name="GW_TEST_50144")]/directory/probe[(@name="WINSYSMON")]/managedEntity[(@name="CPU_ENTITY")]/sampler[(@name="Toolkit2")][(@type="")]/dataview[(@name="Instances")], /geneos/gateway[(@name="GW_TEST_50144")]/directory/probe[(@name="WINSYSMON")]/managedEntity[(@name="CPU_ENTITY")]/sampler[(@name="Toolkit2")][(@type="")]/dataview[(@name="Percentage use")], /geneos/gateway[(@name="GW_TEST_50144")]/directory/probe[(@name="WINSYSMON")]/managedEntity[(@name="CPU_ENTITY")]/sampler[(@name="TestSQL")][(@type="")]/dataview[(@name="Everything")], /geneos/gateway[(@name="GW_TEST_50144")]/directory/probe[(@name="WINSYSMON")]/managedEntity[(@name="CPU_ENTITY")]/sampler[(@name="Trigger sample")][(@type="")]/dataview[(@name="Triggered")], /geneos/gateway[(@name="GW_TEST_50144")]/directory/probe[(@name="WINSYSMON")]/managedEntity[(@name="CPU_ENTITY")]/sampler[(@name="Timestamp sql")][(@type="")]/dataview[(@name="timediff")], /geneos/gateway[(@name="GW_TEST_50144")]/directory/probe[(@name="WINSYSMON")]/managedEntity[(@name="CPU_ENTITY")]/sampler[(@name="eventlog")][(@type="")]/dataview[(@name="eventlog")], /geneos/gateway[(@name="GW_TEST_50144")]/directory/probe[(@name="WINSYSMON")]/managedEntity[(@name="CPU_ENTITY")]/sampler[(@name="Win Services")][(@type="")]/dataview[(@name="Win Services")], /geneos/gateway[(@name="GW_TEST_50144")]/directory/probe[(@name="WINSYSMON")]/managedEntity[(@name="CPU_ENTITY")]/sampler[(@name="proc")][(@type="")]/dataview[(@name="proc")], /geneos/gateway[(@name="GW_TEST_50144")]/directory/probe[(@name="WINSYSMON")]/managedEntity[(@name="CPU_ENTITY")]/sampler[(@name="New Sampler 5")][(@type="")]/dataview[(@name="New Sampler 5")], /geneos/gateway[(@name="GW_TEST_50144")]/directory/probe[(@name="WINSYSMON")]/managedEntity[(@name="CPU_ENTITY")]/sampler[(@name="New Sampler 2")][(@type="")]/dataview[(@name="New Sampler 2")], /geneos/gateway[(@name="GW_TEST_50144")]/directory/probe[(@name="WINSYSMON")]/managedEntity[(@name="CPU_ENTITY")]/sampler[(@name="New Sampler 11")][(@type="")]/dataview[(@name="New Sampler 11")], /geneos/gateway[(@name="GW_TEST_50144")]/directory/probe[(@name="WINSYSMON")]/managedEntity[(@name="CPU_ENTITY")]/sampler[(@name="New Sampler 12")][(@type="")]/dataview[(@name="New Sampler 12")]] 
With a length of 10684
Mar 15, 2016 3:04:38 PM geneos_notification.loggers.LogObject doLog
INFO: [DVLIST UPDATE]Dataview list was successfully updated.
Mar 15, 2016 3:04:38 PM geneos_notification.loggers.LogObject doLog
INFO: Dataview list requested
]]></system-err>
</testsuite>
